{"C:\\Users\\Klaudia\\OneDrive\\Documentos\\ANALISIS Y DESASROLLO DE SOFWARE\\PROYECTO\\GestionDeCitas-Proyecto\\back-end\\src\\app.js": {"path":"C:\\Users\\Klaudia\\OneDrive\\Documentos\\ANALISIS Y DESASROLLO DE SOFWARE\\PROYECTO\\GestionDeCitas-Proyecto\\back-end\\src\\app.js","statementMap":{"0":{"start":{"line":1,"column":16},"end":{"line":1,"column":34}},"1":{"start":{"line":2,"column":13},"end":{"line":2,"column":28}},"2":{"start":{"line":3,"column":15},"end":{"line":3,"column":32}},"3":{"start":{"line":4,"column":15},"end":{"line":4,"column":32}},"4":{"start":{"line":5,"column":0},"end":{"line":5,"column":27}},"5":{"start":{"line":7,"column":27},"end":{"line":7,"column":56}},"6":{"start":{"line":8,"column":23},"end":{"line":8,"column":42}},"7":{"start":{"line":9,"column":19},"end":{"line":9,"column":49}},"8":{"start":{"line":10,"column":19},"end":{"line":10,"column":49}},"9":{"start":{"line":11,"column":19},"end":{"line":11,"column":49}},"10":{"start":{"line":12,"column":24},"end":{"line":12,"column":59}},"11":{"start":{"line":14,"column":12},"end":{"line":14,"column":21}},"12":{"start":{"line":17,"column":0},"end":{"line":27,"column":5}},"13":{"start":{"line":18,"column":4},"end":{"line":26,"column":5}},"14":{"start":{"line":19,"column":26},"end":{"line":19,"column":48}},"15":{"start":{"line":20,"column":8},"end":{"line":23,"column":9}},"16":{"start":{"line":21,"column":12},"end":{"line":21,"column":31}},"17":{"start":{"line":22,"column":12},"end":{"line":22,"column":60}},"18":{"start":{"line":25,"column":8},"end":{"line":25,"column":67}},"19":{"start":{"line":30,"column":0},"end":{"line":30,"column":18}},"20":{"start":{"line":31,"column":0},"end":{"line":34,"column":4}},"21":{"start":{"line":35,"column":0},"end":{"line":35,"column":24}},"22":{"start":{"line":36,"column":0},"end":{"line":36,"column":48}},"23":{"start":{"line":38,"column":0},"end":{"line":40,"column":1}},"24":{"start":{"line":39,"column":4},"end":{"line":39,"column":27}},"25":{"start":{"line":43,"column":0},"end":{"line":49,"column":3}},"26":{"start":{"line":44,"column":4},"end":{"line":48,"column":7}},"27":{"start":{"line":51,"column":0},"end":{"line":58,"column":3}},"28":{"start":{"line":52,"column":4},"end":{"line":57,"column":7}},"29":{"start":{"line":60,"column":0},"end":{"line":60,"column":33}},"30":{"start":{"line":61,"column":0},"end":{"line":61,"column":34}},"31":{"start":{"line":62,"column":0},"end":{"line":62,"column":37}},"32":{"start":{"line":63,"column":0},"end":{"line":63,"column":43}},"33":{"start":{"line":66,"column":0},"end":{"line":72,"column":3}},"34":{"start":{"line":67,"column":4},"end":{"line":71,"column":7}},"35":{"start":{"line":75,"column":0},"end":{"line":97,"column":3}},"36":{"start":{"line":76,"column":4},"end":{"line":76,"column":41}},"37":{"start":{"line":78,"column":4},"end":{"line":84,"column":5}},"38":{"start":{"line":79,"column":8},"end":{"line":83,"column":11}},"39":{"start":{"line":82,"column":40},"end":{"line":82,"column":49}},"40":{"start":{"line":86,"column":4},"end":{"line":91,"column":5}},"41":{"start":{"line":87,"column":8},"end":{"line":90,"column":11}},"42":{"start":{"line":93,"column":4},"end":{"line":96,"column":7}},"43":{"start":{"line":99,"column":13},"end":{"line":99,"column":37}},"44":{"start":{"line":101,"column":0},"end":{"line":107,"column":3}},"45":{"start":{"line":102,"column":4},"end":{"line":102,"column":53}},"46":{"start":{"line":103,"column":4},"end":{"line":103,"column":60}},"47":{"start":{"line":104,"column":4},"end":{"line":104,"column":57}},"48":{"start":{"line":105,"column":4},"end":{"line":105,"column":52}},"49":{"start":{"line":106,"column":4},"end":{"line":106,"column":53}},"50":{"start":{"line":109,"column":0},"end":{"line":109,"column":21}}},"fnMap":{"0":{"name":"(anonymous_0)","decl":{"start":{"line":17,"column":1},"end":{"line":17,"column":2}},"loc":{"start":{"line":17,"column":13},"end":{"line":27,"column":1}},"line":17},"1":{"name":"(anonymous_1)","decl":{"start":{"line":43,"column":13},"end":{"line":43,"column":14}},"loc":{"start":{"line":43,"column":27},"end":{"line":49,"column":1}},"line":43},"2":{"name":"(anonymous_2)","decl":{"start":{"line":51,"column":19},"end":{"line":51,"column":20}},"loc":{"start":{"line":51,"column":33},"end":{"line":58,"column":1}},"line":51},"3":{"name":"(anonymous_3)","decl":{"start":{"line":66,"column":8},"end":{"line":66,"column":9}},"loc":{"start":{"line":66,"column":22},"end":{"line":72,"column":1}},"line":66},"4":{"name":"(anonymous_4)","decl":{"start":{"line":75,"column":8},"end":{"line":75,"column":9}},"loc":{"start":{"line":75,"column":33},"end":{"line":97,"column":1}},"line":75},"5":{"name":"(anonymous_5)","decl":{"start":{"line":82,"column":35},"end":{"line":82,"column":36}},"loc":{"start":{"line":82,"column":40},"end":{"line":82,"column":49}},"line":82},"6":{"name":"(anonymous_6)","decl":{"start":{"line":101,"column":17},"end":{"line":101,"column":18}},"loc":{"start":{"line":101,"column":23},"end":{"line":107,"column":1}},"line":101}},"branchMap":{"0":{"loc":{"start":{"line":20,"column":8},"end":{"line":23,"column":9}},"type":"if","locations":[{"start":{"line":20,"column":8},"end":{"line":23,"column":9}},{"start":{},"end":{}}],"line":20},"1":{"loc":{"start":{"line":38,"column":0},"end":{"line":40,"column":1}},"type":"if","locations":[{"start":{"line":38,"column":0},"end":{"line":40,"column":1}},{"start":{},"end":{}}],"line":38},"2":{"loc":{"start":{"line":78,"column":4},"end":{"line":84,"column":5}},"type":"if","locations":[{"start":{"line":78,"column":4},"end":{"line":84,"column":5}},{"start":{},"end":{}}],"line":78},"3":{"loc":{"start":{"line":86,"column":4},"end":{"line":91,"column":5}},"type":"if","locations":[{"start":{"line":86,"column":4},"end":{"line":91,"column":5}},{"start":{},"end":{}}],"line":86},"4":{"loc":{"start":{"line":93,"column":15},"end":{"line":93,"column":32}},"type":"binary-expr","locations":[{"start":{"line":93,"column":15},"end":{"line":93,"column":25}},{"start":{"line":93,"column":29},"end":{"line":93,"column":32}}],"line":93},"5":{"loc":{"start":{"line":95,"column":15},"end":{"line":95,"column":58}},"type":"binary-expr","locations":[{"start":{"line":95,"column":15},"end":{"line":95,"column":26}},{"start":{"line":95,"column":30},"end":{"line":95,"column":58}}],"line":95},"6":{"loc":{"start":{"line":99,"column":13},"end":{"line":99,"column":37}},"type":"binary-expr","locations":[{"start":{"line":99,"column":13},"end":{"line":99,"column":29}},{"start":{"line":99,"column":33},"end":{"line":99,"column":37}}],"line":99}},"s":{"0":2,"1":2,"2":2,"3":2,"4":2,"5":2,"6":2,"7":2,"8":2,"9":2,"10":2,"11":2,"12":2,"13":2,"14":2,"15":2,"16":2,"17":0,"18":0,"19":2,"20":2,"21":2,"22":2,"23":2,"24":0,"25":2,"26":0,"27":2,"28":0,"29":2,"30":2,"31":2,"32":2,"33":2,"34":0,"35":2,"36":0,"37":0,"38":0,"39":0,"40":0,"41":0,"42":0,"43":2,"44":2,"45":2,"46":2,"47":2,"48":2,"49":2,"50":2},"f":{"0":2,"1":0,"2":0,"3":0,"4":0,"5":0,"6":2},"b":{"0":[2,0],"1":[0,2],"2":[0,0],"3":[0,0],"4":[0,0],"5":[0,0],"6":[2,0]},"_coverageSchema":"1a1c01bbd47fc00a2c39e90264f33305004495a9","hash":"dca8fc0b870c50f10711e996b05ce95085f3cfaf"}
,"C:\\Users\\Klaudia\\OneDrive\\Documentos\\ANALISIS Y DESASROLLO DE SOFWARE\\PROYECTO\\GestionDeCitas-Proyecto\\back-end\\src\\config\\sequelize.js": {"path":"C:\\Users\\Klaudia\\OneDrive\\Documentos\\ANALISIS Y DESASROLLO DE SOFWARE\\PROYECTO\\GestionDeCitas-Proyecto\\back-end\\src\\config\\sequelize.js","statementMap":{"0":{"start":{"line":1,"column":22},"end":{"line":1,"column":42}},"1":{"start":{"line":2,"column":0},"end":{"line":2,"column":27}},"2":{"start":{"line":5,"column":18},"end":{"line":19,"column":1}},"3":{"start":{"line":22,"column":23},"end":{"line":31,"column":1}},"4":{"start":{"line":23,"column":4},"end":{"line":30,"column":5}},"5":{"start":{"line":24,"column":8},"end":{"line":24,"column":39}},"6":{"start":{"line":25,"column":8},"end":{"line":25,"column":80}},"7":{"start":{"line":26,"column":8},"end":{"line":26,"column":20}},"8":{"start":{"line":28,"column":8},"end":{"line":28,"column":68}},"9":{"start":{"line":29,"column":8},"end":{"line":29,"column":21}},"10":{"start":{"line":33,"column":0},"end":{"line":36,"column":2}}},"fnMap":{"0":{"name":"(anonymous_0)","decl":{"start":{"line":22,"column":23},"end":{"line":22,"column":24}},"loc":{"start":{"line":22,"column":35},"end":{"line":31,"column":1}},"line":22}},"branchMap":{"0":{"loc":{"start":{"line":10,"column":14},"end":{"line":10,"column":48}},"type":"binary-expr","locations":[{"start":{"line":10,"column":14},"end":{"line":10,"column":33}},{"start":{"line":10,"column":37},"end":{"line":10,"column":48}}],"line":10},"1":{"loc":{"start":{"line":11,"column":14},"end":{"line":11,"column":41}},"type":"binary-expr","locations":[{"start":{"line":11,"column":14},"end":{"line":11,"column":33}},{"start":{"line":11,"column":37},"end":{"line":11,"column":41}}],"line":11}},"s":{"0":2,"1":2,"2":2,"3":2,"4":2,"5":2,"6":2,"7":2,"8":0,"9":0,"10":2},"f":{"0":2},"b":{"0":[2,0],"1":[2,0]},"_coverageSchema":"1a1c01bbd47fc00a2c39e90264f33305004495a9","hash":"2ddf81b7234dbdcb7705c1809462f7e9fa5b1bfd"}
,"C:\\Users\\Klaudia\\OneDrive\\Documentos\\ANALISIS Y DESASROLLO DE SOFWARE\\PROYECTO\\GestionDeCitas-Proyecto\\back-end\\src\\controllers\\authController.js": {"path":"C:\\Users\\Klaudia\\OneDrive\\Documentos\\ANALISIS Y DESASROLLO DE SOFWARE\\PROYECTO\\GestionDeCitas-Proyecto\\back-end\\src\\controllers\\authController.js","statementMap":{"0":{"start":{"line":1,"column":34},"end":{"line":1,"column":54}},"1":{"start":{"line":2,"column":12},"end":{"line":2,"column":35}},"2":{"start":{"line":3,"column":22},"end":{"line":3,"column":52}},"3":{"start":{"line":4,"column":15},"end":{"line":4,"column":46}},"4":{"start":{"line":7,"column":21},"end":{"line":11,"column":1}},"5":{"start":{"line":8,"column":4},"end":{"line":10,"column":7}},"6":{"start":{"line":16,"column":25},"end":{"line":92,"column":1}},"7":{"start":{"line":17,"column":14},"end":{"line":17,"column":43}},"8":{"start":{"line":19,"column":4},"end":{"line":91,"column":5}},"9":{"start":{"line":20,"column":81},"end":{"line":20,"column":89}},"10":{"start":{"line":23,"column":8},"end":{"line":29,"column":9}},"11":{"start":{"line":24,"column":12},"end":{"line":24,"column":31}},"12":{"start":{"line":25,"column":12},"end":{"line":28,"column":15}},"13":{"start":{"line":32,"column":30},"end":{"line":32,"column":70}},"14":{"start":{"line":33,"column":8},"end":{"line":39,"column":9}},"15":{"start":{"line":34,"column":12},"end":{"line":34,"column":31}},"16":{"start":{"line":35,"column":12},"end":{"line":38,"column":15}},"17":{"start":{"line":42,"column":8},"end":{"line":48,"column":9}},"18":{"start":{"line":43,"column":12},"end":{"line":43,"column":31}},"19":{"start":{"line":44,"column":12},"end":{"line":47,"column":15}},"20":{"start":{"line":51,"column":24},"end":{"line":58,"column":30}},"21":{"start":{"line":61,"column":8},"end":{"line":65,"column":9}},"22":{"start":{"line":62,"column":12},"end":{"line":64,"column":35}},"23":{"start":{"line":67,"column":8},"end":{"line":67,"column":25}},"24":{"start":{"line":69,"column":22},"end":{"line":69,"column":46}},"25":{"start":{"line":71,"column":8},"end":{"line":82,"column":11}},"26":{"start":{"line":85,"column":8},"end":{"line":85,"column":27}},"27":{"start":{"line":86,"column":8},"end":{"line":86,"column":51}},"28":{"start":{"line":87,"column":8},"end":{"line":90,"column":11}},"29":{"start":{"line":97,"column":21},"end":{"line":156,"column":1}},"30":{"start":{"line":98,"column":4},"end":{"line":155,"column":5}},"31":{"start":{"line":99,"column":36},"end":{"line":99,"column":44}},"32":{"start":{"line":101,"column":8},"end":{"line":106,"column":9}},"33":{"start":{"line":102,"column":12},"end":{"line":105,"column":15}},"34":{"start":{"line":108,"column":24},"end":{"line":110,"column":10}},"35":{"start":{"line":112,"column":8},"end":{"line":117,"column":9}},"36":{"start":{"line":113,"column":12},"end":{"line":116,"column":15}},"37":{"start":{"line":119,"column":8},"end":{"line":124,"column":9}},"38":{"start":{"line":120,"column":12},"end":{"line":123,"column":15}},"39":{"start":{"line":126,"column":33},"end":{"line":126,"column":73}},"40":{"start":{"line":127,"column":8},"end":{"line":132,"column":9}},"41":{"start":{"line":128,"column":12},"end":{"line":131,"column":15}},"42":{"start":{"line":134,"column":22},"end":{"line":134,"column":46}},"43":{"start":{"line":136,"column":8},"end":{"line":147,"column":11}},"44":{"start":{"line":150,"column":8},"end":{"line":150,"column":48}},"45":{"start":{"line":151,"column":8},"end":{"line":154,"column":11}},"46":{"start":{"line":161,"column":22},"end":{"line":195,"column":1}},"47":{"start":{"line":162,"column":4},"end":{"line":194,"column":5}},"48":{"start":{"line":163,"column":24},"end":{"line":165,"column":10}},"49":{"start":{"line":167,"column":24},"end":{"line":167,"column":28}},"50":{"start":{"line":168,"column":8},"end":{"line":172,"column":9}},"51":{"start":{"line":169,"column":12},"end":{"line":171,"column":15}},"52":{"start":{"line":174,"column":8},"end":{"line":186,"column":11}},"53":{"start":{"line":189,"column":8},"end":{"line":189,"column":57}},"54":{"start":{"line":190,"column":8},"end":{"line":193,"column":11}},"55":{"start":{"line":200,"column":25},"end":{"line":234,"column":1}},"56":{"start":{"line":201,"column":4},"end":{"line":233,"column":5}},"57":{"start":{"line":202,"column":51},"end":{"line":202,"column":59}},"58":{"start":{"line":204,"column":24},"end":{"line":204,"column":59}},"59":{"start":{"line":206,"column":8},"end":{"line":206,"column":44}},"60":{"start":{"line":206,"column":20},"end":{"line":206,"column":44}},"61":{"start":{"line":207,"column":8},"end":{"line":207,"column":50}},"62":{"start":{"line":207,"column":22},"end":{"line":207,"column":50}},"63":{"start":{"line":208,"column":8},"end":{"line":210,"column":9}},"64":{"start":{"line":209,"column":12},"end":{"line":209,"column":48}},"65":{"start":{"line":212,"column":8},"end":{"line":212,"column":29}},"66":{"start":{"line":214,"column":8},"end":{"line":225,"column":11}},"67":{"start":{"line":228,"column":8},"end":{"line":228,"column":60}},"68":{"start":{"line":229,"column":8},"end":{"line":232,"column":11}},"69":{"start":{"line":239,"column":24},"end":{"line":282,"column":1}},"70":{"start":{"line":240,"column":4},"end":{"line":281,"column":5}},"71":{"start":{"line":241,"column":50},"end":{"line":241,"column":58}},"72":{"start":{"line":243,"column":8},"end":{"line":248,"column":9}},"73":{"start":{"line":244,"column":12},"end":{"line":247,"column":15}},"74":{"start":{"line":250,"column":8},"end":{"line":255,"column":9}},"75":{"start":{"line":251,"column":12},"end":{"line":254,"column":15}},"76":{"start":{"line":257,"column":24},"end":{"line":257,"column":59}},"77":{"start":{"line":259,"column":33},"end":{"line":259,"column":79}},"78":{"start":{"line":260,"column":8},"end":{"line":265,"column":9}},"79":{"start":{"line":261,"column":12},"end":{"line":264,"column":15}},"80":{"start":{"line":267,"column":8},"end":{"line":267,"column":41}},"81":{"start":{"line":268,"column":8},"end":{"line":268,"column":29}},"82":{"start":{"line":270,"column":8},"end":{"line":273,"column":11}},"83":{"start":{"line":276,"column":8},"end":{"line":276,"column":59}},"84":{"start":{"line":277,"column":8},"end":{"line":280,"column":11}},"85":{"start":{"line":287,"column":22},"end":{"line":292,"column":1}},"86":{"start":{"line":288,"column":4},"end":{"line":291,"column":7}},"87":{"start":{"line":297,"column":0},"end":{"line":304,"column":2}}},"fnMap":{"0":{"name":"(anonymous_0)","decl":{"start":{"line":7,"column":21},"end":{"line":7,"column":22}},"loc":{"start":{"line":7,"column":29},"end":{"line":11,"column":1}},"line":7},"1":{"name":"(anonymous_1)","decl":{"start":{"line":16,"column":25},"end":{"line":16,"column":26}},"loc":{"start":{"line":16,"column":45},"end":{"line":92,"column":1}},"line":16},"2":{"name":"(anonymous_2)","decl":{"start":{"line":97,"column":21},"end":{"line":97,"column":22}},"loc":{"start":{"line":97,"column":41},"end":{"line":156,"column":1}},"line":97},"3":{"name":"(anonymous_3)","decl":{"start":{"line":161,"column":22},"end":{"line":161,"column":23}},"loc":{"start":{"line":161,"column":42},"end":{"line":195,"column":1}},"line":161},"4":{"name":"(anonymous_4)","decl":{"start":{"line":200,"column":25},"end":{"line":200,"column":26}},"loc":{"start":{"line":200,"column":45},"end":{"line":234,"column":1}},"line":200},"5":{"name":"(anonymous_5)","decl":{"start":{"line":239,"column":24},"end":{"line":239,"column":25}},"loc":{"start":{"line":239,"column":44},"end":{"line":282,"column":1}},"line":239},"6":{"name":"(anonymous_6)","decl":{"start":{"line":287,"column":22},"end":{"line":287,"column":23}},"loc":{"start":{"line":287,"column":36},"end":{"line":292,"column":1}},"line":287}},"branchMap":{"0":{"loc":{"start":{"line":9,"column":19},"end":{"line":9,"column":49}},"type":"binary-expr","locations":[{"start":{"line":9,"column":19},"end":{"line":9,"column":41}},{"start":{"line":9,"column":45},"end":{"line":9,"column":49}}],"line":9},"1":{"loc":{"start":{"line":23,"column":8},"end":{"line":29,"column":9}},"type":"if","locations":[{"start":{"line":23,"column":8},"end":{"line":29,"column":9}},{"start":{},"end":{}}],"line":23},"2":{"loc":{"start":{"line":23,"column":12},"end":{"line":23,"column":55}},"type":"binary-expr","locations":[{"start":{"line":23,"column":12},"end":{"line":23,"column":19}},{"start":{"line":23,"column":23},"end":{"line":23,"column":29}},{"start":{"line":23,"column":33},"end":{"line":23,"column":42}},{"start":{"line":23,"column":46},"end":{"line":23,"column":55}}],"line":23},"3":{"loc":{"start":{"line":33,"column":8},"end":{"line":39,"column":9}},"type":"if","locations":[{"start":{"line":33,"column":8},"end":{"line":39,"column":9}},{"start":{},"end":{}}],"line":33},"4":{"loc":{"start":{"line":42,"column":8},"end":{"line":48,"column":9}},"type":"if","locations":[{"start":{"line":42,"column":8},"end":{"line":48,"column":9}},{"start":{},"end":{}}],"line":42},"5":{"loc":{"start":{"line":42,"column":12},"end":{"line":42,"column":58}},"type":"binary-expr","locations":[{"start":{"line":42,"column":12},"end":{"line":42,"column":41}},{"start":{"line":42,"column":45},"end":{"line":42,"column":58}}],"line":42},"6":{"loc":{"start":{"line":56,"column":25},"end":{"line":56,"column":50}},"type":"binary-expr","locations":[{"start":{"line":56,"column":25},"end":{"line":56,"column":36}},{"start":{"line":56,"column":40},"end":{"line":56,"column":50}}],"line":56},"7":{"loc":{"start":{"line":57,"column":26},"end":{"line":57,"column":77}},"type":"cond-expr","locations":[{"start":{"line":57,"column":58},"end":{"line":57,"column":70}},{"start":{"line":57,"column":73},"end":{"line":57,"column":77}}],"line":57},"8":{"loc":{"start":{"line":61,"column":8},"end":{"line":65,"column":9}},"type":"if","locations":[{"start":{"line":61,"column":8},"end":{"line":65,"column":9}},{"start":{},"end":{}}],"line":61},"9":{"loc":{"start":{"line":101,"column":8},"end":{"line":106,"column":9}},"type":"if","locations":[{"start":{"line":101,"column":8},"end":{"line":106,"column":9}},{"start":{},"end":{}}],"line":101},"10":{"loc":{"start":{"line":101,"column":12},"end":{"line":101,"column":31}},"type":"binary-expr","locations":[{"start":{"line":101,"column":12},"end":{"line":101,"column":18}},{"start":{"line":101,"column":22},"end":{"line":101,"column":31}}],"line":101},"11":{"loc":{"start":{"line":112,"column":8},"end":{"line":117,"column":9}},"type":"if","locations":[{"start":{"line":112,"column":8},"end":{"line":117,"column":9}},{"start":{},"end":{}}],"line":112},"12":{"loc":{"start":{"line":119,"column":8},"end":{"line":124,"column":9}},"type":"if","locations":[{"start":{"line":119,"column":8},"end":{"line":124,"column":9}},{"start":{},"end":{}}],"line":119},"13":{"loc":{"start":{"line":127,"column":8},"end":{"line":132,"column":9}},"type":"if","locations":[{"start":{"line":127,"column":8},"end":{"line":132,"column":9}},{"start":{},"end":{}}],"line":127},"14":{"loc":{"start":{"line":168,"column":8},"end":{"line":172,"column":9}},"type":"if","locations":[{"start":{"line":168,"column":8},"end":{"line":172,"column":9}},{"start":{},"end":{}}],"line":168},"15":{"loc":{"start":{"line":206,"column":8},"end":{"line":206,"column":44}},"type":"if","locations":[{"start":{"line":206,"column":8},"end":{"line":206,"column":44}},{"start":{},"end":{}}],"line":206},"16":{"loc":{"start":{"line":207,"column":8},"end":{"line":207,"column":50}},"type":"if","locations":[{"start":{"line":207,"column":8},"end":{"line":207,"column":50}},{"start":{},"end":{}}],"line":207},"17":{"loc":{"start":{"line":208,"column":8},"end":{"line":210,"column":9}},"type":"if","locations":[{"start":{"line":208,"column":8},"end":{"line":210,"column":9}},{"start":{},"end":{}}],"line":208},"18":{"loc":{"start":{"line":208,"column":12},"end":{"line":208,"column":65}},"type":"binary-expr","locations":[{"start":{"line":208,"column":12},"end":{"line":208,"column":24}},{"start":{"line":208,"column":28},"end":{"line":208,"column":65}}],"line":208},"19":{"loc":{"start":{"line":243,"column":8},"end":{"line":248,"column":9}},"type":"if","locations":[{"start":{"line":243,"column":8},"end":{"line":248,"column":9}},{"start":{},"end":{}}],"line":243},"20":{"loc":{"start":{"line":243,"column":12},"end":{"line":243,"column":45}},"type":"binary-expr","locations":[{"start":{"line":243,"column":12},"end":{"line":243,"column":27}},{"start":{"line":243,"column":31},"end":{"line":243,"column":45}}],"line":243},"21":{"loc":{"start":{"line":250,"column":8},"end":{"line":255,"column":9}},"type":"if","locations":[{"start":{"line":250,"column":8},"end":{"line":255,"column":9}},{"start":{},"end":{}}],"line":250},"22":{"loc":{"start":{"line":260,"column":8},"end":{"line":265,"column":9}},"type":"if","locations":[{"start":{"line":260,"column":8},"end":{"line":265,"column":9}},{"start":{},"end":{}}],"line":260}},"s":{"0":2,"1":2,"2":2,"3":2,"4":2,"5":8,"6":2,"7":7,"8":7,"9":7,"10":7,"11":0,"12":0,"13":7,"14":7,"15":1,"16":1,"17":6,"18":0,"19":0,"20":6,"21":6,"22":5,"23":6,"24":6,"25":6,"26":0,"27":0,"28":0,"29":2,"30":3,"31":3,"32":3,"33":0,"34":3,"35":3,"36":1,"37":2,"38":0,"39":2,"40":2,"41":0,"42":2,"43":2,"44":0,"45":0,"46":2,"47":1,"48":1,"49":1,"50":1,"51":1,"52":0,"53":1,"54":1,"55":2,"56":0,"57":0,"58":0,"59":0,"60":0,"61":0,"62":0,"63":0,"64":0,"65":0,"66":0,"67":0,"68":0,"69":2,"70":0,"71":0,"72":0,"73":0,"74":0,"75":0,"76":0,"77":0,"78":0,"79":0,"80":0,"81":0,"82":0,"83":0,"84":0,"85":2,"86":0,"87":2},"f":{"0":8,"1":7,"2":3,"3":1,"4":0,"5":0,"6":0},"b":{"0":[8,0],"1":[0,7],"2":[7,7,7,7],"3":[1,6],"4":[0,6],"5":[6,1],"6":[6,0],"7":[1,5],"8":[5,1],"9":[0,3],"10":[3,3],"11":[1,2],"12":[0,2],"13":[0,2],"14":[1,0],"15":[0,0],"16":[0,0],"17":[0,0],"18":[0,0],"19":[0,0],"20":[0,0],"21":[0,0],"22":[0,0]},"_coverageSchema":"1a1c01bbd47fc00a2c39e90264f33305004495a9","hash":"e462c89a8e81263b5b93b986ac02997fd62125f7"}
,"C:\\Users\\Klaudia\\OneDrive\\Documentos\\ANALISIS Y DESASROLLO DE SOFWARE\\PROYECTO\\GestionDeCitas-Proyecto\\back-end\\src\\controllers\\citaController.js": {"path":"C:\\Users\\Klaudia\\OneDrive\\Documentos\\ANALISIS Y DESASROLLO DE SOFWARE\\PROYECTO\\GestionDeCitas-Proyecto\\back-end\\src\\controllers\\citaController.js","statementMap":{"0":{"start":{"line":1,"column":15},"end":{"line":1,"column":35}},"1":{"start":{"line":2,"column":13},"end":{"line":2,"column":38}},"2":{"start":{"line":3,"column":13},"end":{"line":3,"column":38}},"3":{"start":{"line":4,"column":24},"end":{"line":4,"column":60}},"4":{"start":{"line":5,"column":15},"end":{"line":5,"column":46}},"5":{"start":{"line":12,"column":18},"end":{"line":116,"column":1}},"6":{"start":{"line":13,"column":4},"end":{"line":115,"column":5}},"7":{"start":{"line":14,"column":67},"end":{"line":14,"column":75}},"8":{"start":{"line":17,"column":8},"end":{"line":22,"column":9}},"9":{"start":{"line":18,"column":12},"end":{"line":21,"column":15}},"10":{"start":{"line":25,"column":37},"end":{"line":31,"column":10}},"11":{"start":{"line":33,"column":8},"end":{"line":38,"column":9}},"12":{"start":{"line":34,"column":12},"end":{"line":37,"column":15}},"13":{"start":{"line":41,"column":30},"end":{"line":48,"column":10}},"14":{"start":{"line":50,"column":8},"end":{"line":55,"column":9}},"15":{"start":{"line":51,"column":12},"end":{"line":54,"column":15}},"16":{"start":{"line":58,"column":29},"end":{"line":65,"column":10}},"17":{"start":{"line":67,"column":8},"end":{"line":72,"column":9}},"18":{"start":{"line":68,"column":12},"end":{"line":71,"column":15}},"19":{"start":{"line":75,"column":21},"end":{"line":83,"column":10}},"20":{"start":{"line":86,"column":29},"end":{"line":91,"column":10}},"21":{"start":{"line":94,"column":8},"end":{"line":101,"column":11}},"22":{"start":{"line":103,"column":8},"end":{"line":107,"column":11}},"23":{"start":{"line":110,"column":8},"end":{"line":110,"column":53}},"24":{"start":{"line":111,"column":8},"end":{"line":114,"column":11}},"25":{"start":{"line":123,"column":21},"end":{"line":183,"column":1}},"26":{"start":{"line":124,"column":4},"end":{"line":182,"column":5}},"27":{"start":{"line":125,"column":66},"end":{"line":125,"column":75}},"28":{"start":{"line":128,"column":21},"end":{"line":128,"column":23}},"29":{"start":{"line":130,"column":8},"end":{"line":134,"column":9}},"30":{"start":{"line":131,"column":12},"end":{"line":131,"column":47}},"31":{"start":{"line":132,"column":15},"end":{"line":134,"column":9}},"32":{"start":{"line":133,"column":12},"end":{"line":133,"column":50}},"33":{"start":{"line":137,"column":8},"end":{"line":139,"column":9}},"34":{"start":{"line":138,"column":12},"end":{"line":138,"column":35}},"35":{"start":{"line":142,"column":8},"end":{"line":146,"column":9}},"36":{"start":{"line":143,"column":12},"end":{"line":143,"column":30}},"37":{"start":{"line":144,"column":12},"end":{"line":144,"column":62}},"38":{"start":{"line":144,"column":23},"end":{"line":144,"column":62}},"39":{"start":{"line":145,"column":12},"end":{"line":145,"column":62}},"40":{"start":{"line":145,"column":23},"end":{"line":145,"column":62}},"41":{"start":{"line":149,"column":21},"end":{"line":149,"column":62}},"42":{"start":{"line":150,"column":22},"end":{"line":150,"column":38}},"43":{"start":{"line":153,"column":22},"end":{"line":162,"column":10}},"44":{"start":{"line":165,"column":22},"end":{"line":165,"column":57}},"45":{"start":{"line":167,"column":8},"end":{"line":174,"column":11}},"46":{"start":{"line":177,"column":8},"end":{"line":177,"column":56}},"47":{"start":{"line":178,"column":8},"end":{"line":181,"column":11}},"48":{"start":{"line":190,"column":20},"end":{"line":232,"column":1}},"49":{"start":{"line":191,"column":4},"end":{"line":231,"column":5}},"50":{"start":{"line":192,"column":8},"end":{"line":192,"column":62}},"51":{"start":{"line":194,"column":21},"end":{"line":199,"column":10}},"52":{"start":{"line":201,"column":8},"end":{"line":201,"column":63}},"53":{"start":{"line":203,"column":8},"end":{"line":208,"column":9}},"54":{"start":{"line":204,"column":12},"end":{"line":207,"column":15}},"55":{"start":{"line":211,"column":8},"end":{"line":218,"column":9}},"56":{"start":{"line":214,"column":12},"end":{"line":217,"column":15}},"57":{"start":{"line":220,"column":8},"end":{"line":223,"column":11}},"58":{"start":{"line":226,"column":8},"end":{"line":226,"column":55}},"59":{"start":{"line":227,"column":8},"end":{"line":230,"column":11}},"60":{"start":{"line":239,"column":23},"end":{"line":372,"column":1}},"61":{"start":{"line":240,"column":4},"end":{"line":371,"column":5}},"62":{"start":{"line":241,"column":60},"end":{"line":241,"column":68}},"63":{"start":{"line":243,"column":21},"end":{"line":243,"column":55}},"64":{"start":{"line":245,"column":8},"end":{"line":250,"column":9}},"65":{"start":{"line":246,"column":12},"end":{"line":249,"column":15}},"66":{"start":{"line":253,"column":8},"end":{"line":272,"column":9}},"67":{"start":{"line":254,"column":12},"end":{"line":259,"column":13}},"68":{"start":{"line":255,"column":16},"end":{"line":258,"column":19}},"69":{"start":{"line":260,"column":12},"end":{"line":265,"column":13}},"70":{"start":{"line":261,"column":16},"end":{"line":264,"column":19}},"71":{"start":{"line":266,"column":12},"end":{"line":271,"column":13}},"72":{"start":{"line":267,"column":16},"end":{"line":270,"column":19}},"73":{"start":{"line":274,"column":8},"end":{"line":281,"column":9}},"74":{"start":{"line":275,"column":12},"end":{"line":280,"column":13}},"75":{"start":{"line":276,"column":16},"end":{"line":279,"column":19}},"76":{"start":{"line":284,"column":8},"end":{"line":299,"column":9}},"77":{"start":{"line":285,"column":40},"end":{"line":290,"column":13}},"78":{"start":{"line":292,"column":12},"end":{"line":297,"column":13}},"79":{"start":{"line":293,"column":16},"end":{"line":296,"column":19}},"80":{"start":{"line":298,"column":12},"end":{"line":298,"column":33}},"81":{"start":{"line":301,"column":8},"end":{"line":305,"column":9}},"82":{"start":{"line":302,"column":12},"end":{"line":302,"column":42}},"83":{"start":{"line":302,"column":23},"end":{"line":302,"column":42}},"84":{"start":{"line":303,"column":12},"end":{"line":303,"column":60}},"85":{"start":{"line":303,"column":29},"end":{"line":303,"column":60}},"86":{"start":{"line":304,"column":12},"end":{"line":304,"column":60}},"87":{"start":{"line":304,"column":29},"end":{"line":304,"column":60}},"88":{"start":{"line":307,"column":8},"end":{"line":307,"column":26}},"89":{"start":{"line":310,"column":8},"end":{"line":348,"column":9}},"90":{"start":{"line":311,"column":12},"end":{"line":347,"column":13}},"91":{"start":{"line":313,"column":32},"end":{"line":315,"column":18}},"92":{"start":{"line":318,"column":16},"end":{"line":324,"column":17}},"93":{"start":{"line":319,"column":20},"end":{"line":322,"column":23}},"94":{"start":{"line":323,"column":20},"end":{"line":323,"column":86}},"95":{"start":{"line":327,"column":34},"end":{"line":327,"column":66}},"96":{"start":{"line":330,"column":16},"end":{"line":338,"column":19}},"97":{"start":{"line":341,"column":16},"end":{"line":341,"column":72}},"98":{"start":{"line":343,"column":16},"end":{"line":343,"column":94}},"99":{"start":{"line":346,"column":16},"end":{"line":346,"column":73}},"100":{"start":{"line":351,"column":8},"end":{"line":357,"column":11}},"101":{"start":{"line":359,"column":8},"end":{"line":363,"column":11}},"102":{"start":{"line":366,"column":8},"end":{"line":366,"column":58}},"103":{"start":{"line":367,"column":8},"end":{"line":370,"column":11}},"104":{"start":{"line":379,"column":21},"end":{"line":433,"column":1}},"105":{"start":{"line":380,"column":4},"end":{"line":432,"column":5}},"106":{"start":{"line":381,"column":21},"end":{"line":381,"column":55}},"107":{"start":{"line":383,"column":8},"end":{"line":388,"column":9}},"108":{"start":{"line":384,"column":12},"end":{"line":387,"column":15}},"109":{"start":{"line":391,"column":27},"end":{"line":391,"column":83}},"110":{"start":{"line":392,"column":30},"end":{"line":392,"column":89}},"111":{"start":{"line":393,"column":24},"end":{"line":393,"column":59}},"112":{"start":{"line":395,"column":8},"end":{"line":400,"column":9}},"113":{"start":{"line":396,"column":12},"end":{"line":399,"column":15}},"114":{"start":{"line":402,"column":8},"end":{"line":407,"column":9}},"115":{"start":{"line":403,"column":12},"end":{"line":406,"column":15}},"116":{"start":{"line":409,"column":8},"end":{"line":409,"column":34}},"117":{"start":{"line":410,"column":8},"end":{"line":410,"column":26}},"118":{"start":{"line":413,"column":8},"end":{"line":419,"column":11}},"119":{"start":{"line":421,"column":8},"end":{"line":424,"column":11}},"120":{"start":{"line":427,"column":8},"end":{"line":427,"column":56}},"121":{"start":{"line":428,"column":8},"end":{"line":431,"column":11}},"122":{"start":{"line":440,"column":30},"end":{"line":511,"column":1}},"123":{"start":{"line":441,"column":4},"end":{"line":510,"column":5}},"124":{"start":{"line":442,"column":26},"end":{"line":442,"column":35}},"125":{"start":{"line":443,"column":30},"end":{"line":443,"column":54}},"126":{"start":{"line":445,"column":8},"end":{"line":450,"column":9}},"127":{"start":{"line":446,"column":12},"end":{"line":449,"column":15}},"128":{"start":{"line":452,"column":28},"end":{"line":458,"column":10}},"129":{"start":{"line":460,"column":8},"end":{"line":465,"column":9}},"130":{"start":{"line":461,"column":12},"end":{"line":464,"column":15}},"131":{"start":{"line":467,"column":36},"end":{"line":470,"column":9}},"132":{"start":{"line":472,"column":30},"end":{"line":472,"column":45}},"133":{"start":{"line":473,"column":8},"end":{"line":473,"column":43}},"134":{"start":{"line":475,"column":25},"end":{"line":475,"column":40}},"135":{"start":{"line":476,"column":8},"end":{"line":476,"column":43}},"136":{"start":{"line":478,"column":30},"end":{"line":488,"column":10}},"137":{"start":{"line":490,"column":33},"end":{"line":490,"column":72}},"138":{"start":{"line":490,"column":64},"end":{"line":490,"column":70}},"139":{"start":{"line":491,"column":28},"end":{"line":491,"column":85}},"140":{"start":{"line":491,"column":60},"end":{"line":491,"column":84}},"141":{"start":{"line":493,"column":8},"end":{"line":502,"column":11}},"142":{"start":{"line":505,"column":8},"end":{"line":505,"column":65}},"143":{"start":{"line":506,"column":8},"end":{"line":509,"column":11}},"144":{"start":{"line":518,"column":28},"end":{"line":602,"column":1}},"145":{"start":{"line":519,"column":4},"end":{"line":601,"column":5}},"146":{"start":{"line":520,"column":21},"end":{"line":520,"column":23}},"147":{"start":{"line":522,"column":8},"end":{"line":524,"column":9}},"148":{"start":{"line":523,"column":12},"end":{"line":523,"column":50}},"149":{"start":{"line":526,"column":20},"end":{"line":526,"column":30}},"150":{"start":{"line":527,"column":8},"end":{"line":527,"column":33}},"151":{"start":{"line":529,"column":23},"end":{"line":529,"column":36}},"152":{"start":{"line":530,"column":8},"end":{"line":530,"column":45}},"153":{"start":{"line":532,"column":26},"end":{"line":532,"column":72}},"154":{"start":{"line":533,"column":23},"end":{"line":533,"column":73}},"155":{"start":{"line":541,"column":12},"end":{"line":576,"column":10}},"156":{"start":{"line":579,"column":26},"end":{"line":579,"column":28}},"157":{"start":{"line":580,"column":8},"end":{"line":582,"column":11}},"158":{"start":{"line":581,"column":12},"end":{"line":581,"column":59}},"159":{"start":{"line":584,"column":8},"end":{"line":593,"column":11}},"160":{"start":{"line":596,"column":8},"end":{"line":596,"column":63}},"161":{"start":{"line":597,"column":8},"end":{"line":600,"column":11}},"162":{"start":{"line":604,"column":0},"end":{"line":612,"column":2}}},"fnMap":{"0":{"name":"(anonymous_0)","decl":{"start":{"line":12,"column":18},"end":{"line":12,"column":19}},"loc":{"start":{"line":12,"column":38},"end":{"line":116,"column":1}},"line":12},"1":{"name":"(anonymous_1)","decl":{"start":{"line":123,"column":21},"end":{"line":123,"column":22}},"loc":{"start":{"line":123,"column":41},"end":{"line":183,"column":1}},"line":123},"2":{"name":"(anonymous_2)","decl":{"start":{"line":190,"column":20},"end":{"line":190,"column":21}},"loc":{"start":{"line":190,"column":40},"end":{"line":232,"column":1}},"line":190},"3":{"name":"(anonymous_3)","decl":{"start":{"line":239,"column":23},"end":{"line":239,"column":24}},"loc":{"start":{"line":239,"column":43},"end":{"line":372,"column":1}},"line":239},"4":{"name":"(anonymous_4)","decl":{"start":{"line":379,"column":21},"end":{"line":379,"column":22}},"loc":{"start":{"line":379,"column":41},"end":{"line":433,"column":1}},"line":379},"5":{"name":"(anonymous_5)","decl":{"start":{"line":440,"column":30},"end":{"line":440,"column":31}},"loc":{"start":{"line":440,"column":50},"end":{"line":511,"column":1}},"line":440},"6":{"name":"(anonymous_6)","decl":{"start":{"line":490,"column":59},"end":{"line":490,"column":60}},"loc":{"start":{"line":490,"column":64},"end":{"line":490,"column":70}},"line":490},"7":{"name":"(anonymous_7)","decl":{"start":{"line":491,"column":55},"end":{"line":491,"column":56}},"loc":{"start":{"line":491,"column":60},"end":{"line":491,"column":84}},"line":491},"8":{"name":"(anonymous_8)","decl":{"start":{"line":518,"column":28},"end":{"line":518,"column":29}},"loc":{"start":{"line":518,"column":48},"end":{"line":602,"column":1}},"line":518},"9":{"name":"(anonymous_9)","decl":{"start":{"line":580,"column":31},"end":{"line":580,"column":32}},"loc":{"start":{"line":580,"column":39},"end":{"line":582,"column":9}},"line":580}},"branchMap":{"0":{"loc":{"start":{"line":17,"column":8},"end":{"line":22,"column":9}},"type":"if","locations":[{"start":{"line":17,"column":8},"end":{"line":22,"column":9}},{"start":{},"end":{}}],"line":17},"1":{"loc":{"start":{"line":17,"column":12},"end":{"line":17,"column":54}},"type":"binary-expr","locations":[{"start":{"line":17,"column":12},"end":{"line":17,"column":24}},{"start":{"line":17,"column":28},"end":{"line":17,"column":34}},{"start":{"line":17,"column":38},"end":{"line":17,"column":43}},{"start":{"line":17,"column":47},"end":{"line":17,"column":54}}],"line":17},"2":{"loc":{"start":{"line":33,"column":8},"end":{"line":38,"column":9}},"type":"if","locations":[{"start":{"line":33,"column":8},"end":{"line":38,"column":9}},{"start":{},"end":{}}],"line":33},"3":{"loc":{"start":{"line":50,"column":8},"end":{"line":55,"column":9}},"type":"if","locations":[{"start":{"line":50,"column":8},"end":{"line":55,"column":9}},{"start":{},"end":{}}],"line":50},"4":{"loc":{"start":{"line":67,"column":8},"end":{"line":72,"column":9}},"type":"if","locations":[{"start":{"line":67,"column":8},"end":{"line":72,"column":9}},{"start":{},"end":{}}],"line":67},"5":{"loc":{"start":{"line":81,"column":26},"end":{"line":81,"column":55}},"type":"binary-expr","locations":[{"start":{"line":81,"column":26},"end":{"line":81,"column":38}},{"start":{"line":81,"column":42},"end":{"line":81,"column":55}}],"line":81},"6":{"loc":{"start":{"line":100,"column":26},"end":{"line":100,"column":55}},"type":"binary-expr","locations":[{"start":{"line":100,"column":26},"end":{"line":100,"column":38}},{"start":{"line":100,"column":42},"end":{"line":100,"column":55}}],"line":100},"7":{"loc":{"start":{"line":125,"column":38},"end":{"line":125,"column":48}},"type":"default-arg","locations":[{"start":{"line":125,"column":47},"end":{"line":125,"column":48}}],"line":125},"8":{"loc":{"start":{"line":125,"column":50},"end":{"line":125,"column":61}},"type":"default-arg","locations":[{"start":{"line":125,"column":59},"end":{"line":125,"column":61}}],"line":125},"9":{"loc":{"start":{"line":130,"column":8},"end":{"line":134,"column":9}},"type":"if","locations":[{"start":{"line":130,"column":8},"end":{"line":134,"column":9}},{"start":{"line":132,"column":15},"end":{"line":134,"column":9}}],"line":130},"10":{"loc":{"start":{"line":132,"column":15},"end":{"line":134,"column":9}},"type":"if","locations":[{"start":{"line":132,"column":15},"end":{"line":134,"column":9}},{"start":{},"end":{}}],"line":132},"11":{"loc":{"start":{"line":137,"column":8},"end":{"line":139,"column":9}},"type":"if","locations":[{"start":{"line":137,"column":8},"end":{"line":139,"column":9}},{"start":{},"end":{}}],"line":137},"12":{"loc":{"start":{"line":137,"column":12},"end":{"line":137,"column":93}},"type":"binary-expr","locations":[{"start":{"line":137,"column":12},"end":{"line":137,"column":18}},{"start":{"line":137,"column":22},"end":{"line":137,"column":93}}],"line":137},"13":{"loc":{"start":{"line":142,"column":8},"end":{"line":146,"column":9}},"type":"if","locations":[{"start":{"line":142,"column":8},"end":{"line":146,"column":9}},{"start":{},"end":{}}],"line":142},"14":{"loc":{"start":{"line":142,"column":12},"end":{"line":142,"column":26}},"type":"binary-expr","locations":[{"start":{"line":142,"column":12},"end":{"line":142,"column":17}},{"start":{"line":142,"column":21},"end":{"line":142,"column":26}}],"line":142},"15":{"loc":{"start":{"line":144,"column":12},"end":{"line":144,"column":62}},"type":"if","locations":[{"start":{"line":144,"column":12},"end":{"line":144,"column":62}},{"start":{},"end":{}}],"line":144},"16":{"loc":{"start":{"line":145,"column":12},"end":{"line":145,"column":62}},"type":"if","locations":[{"start":{"line":145,"column":12},"end":{"line":145,"column":62}},{"start":{},"end":{}}],"line":145},"17":{"loc":{"start":{"line":201,"column":43},"end":{"line":201,"column":61}},"type":"cond-expr","locations":[{"start":{"line":201,"column":50},"end":{"line":201,"column":54}},{"start":{"line":201,"column":57},"end":{"line":201,"column":61}}],"line":201},"18":{"loc":{"start":{"line":203,"column":8},"end":{"line":208,"column":9}},"type":"if","locations":[{"start":{"line":203,"column":8},"end":{"line":208,"column":9}},{"start":{},"end":{}}],"line":203},"19":{"loc":{"start":{"line":211,"column":8},"end":{"line":218,"column":9}},"type":"if","locations":[{"start":{"line":211,"column":8},"end":{"line":218,"column":9}},{"start":{},"end":{}}],"line":211},"20":{"loc":{"start":{"line":211,"column":12},"end":{"line":213,"column":72}},"type":"binary-expr","locations":[{"start":{"line":211,"column":12},"end":{"line":211,"column":47}},{"start":{"line":212,"column":12},"end":{"line":212,"column":69}},{"start":{"line":213,"column":12},"end":{"line":213,"column":72}}],"line":211},"21":{"loc":{"start":{"line":245,"column":8},"end":{"line":250,"column":9}},"type":"if","locations":[{"start":{"line":245,"column":8},"end":{"line":250,"column":9}},{"start":{},"end":{}}],"line":245},"22":{"loc":{"start":{"line":253,"column":8},"end":{"line":272,"column":9}},"type":"if","locations":[{"start":{"line":253,"column":8},"end":{"line":272,"column":9}},{"start":{},"end":{}}],"line":253},"23":{"loc":{"start":{"line":254,"column":12},"end":{"line":259,"column":13}},"type":"if","locations":[{"start":{"line":254,"column":12},"end":{"line":259,"column":13}},{"start":{},"end":{}}],"line":254},"24":{"loc":{"start":{"line":260,"column":12},"end":{"line":265,"column":13}},"type":"if","locations":[{"start":{"line":260,"column":12},"end":{"line":265,"column":13}},{"start":{},"end":{}}],"line":260},"25":{"loc":{"start":{"line":266,"column":12},"end":{"line":271,"column":13}},"type":"if","locations":[{"start":{"line":266,"column":12},"end":{"line":271,"column":13}},{"start":{},"end":{}}],"line":266},"26":{"loc":{"start":{"line":274,"column":8},"end":{"line":281,"column":9}},"type":"if","locations":[{"start":{"line":274,"column":8},"end":{"line":281,"column":9}},{"start":{},"end":{}}],"line":274},"27":{"loc":{"start":{"line":275,"column":12},"end":{"line":280,"column":13}},"type":"if","locations":[{"start":{"line":275,"column":12},"end":{"line":280,"column":13}},{"start":{},"end":{}}],"line":275},"28":{"loc":{"start":{"line":284,"column":8},"end":{"line":299,"column":9}},"type":"if","locations":[{"start":{"line":284,"column":8},"end":{"line":299,"column":9}},{"start":{},"end":{}}],"line":284},"29":{"loc":{"start":{"line":292,"column":12},"end":{"line":297,"column":13}},"type":"if","locations":[{"start":{"line":292,"column":12},"end":{"line":297,"column":13}},{"start":{},"end":{}}],"line":292},"30":{"loc":{"start":{"line":301,"column":8},"end":{"line":305,"column":9}},"type":"if","locations":[{"start":{"line":301,"column":8},"end":{"line":305,"column":9}},{"start":{},"end":{}}],"line":301},"31":{"loc":{"start":{"line":302,"column":12},"end":{"line":302,"column":42}},"type":"if","locations":[{"start":{"line":302,"column":12},"end":{"line":302,"column":42}},{"start":{},"end":{}}],"line":302},"32":{"loc":{"start":{"line":303,"column":12},"end":{"line":303,"column":60}},"type":"if","locations":[{"start":{"line":303,"column":12},"end":{"line":303,"column":60}},{"start":{},"end":{}}],"line":303},"33":{"loc":{"start":{"line":304,"column":12},"end":{"line":304,"column":60}},"type":"if","locations":[{"start":{"line":304,"column":12},"end":{"line":304,"column":60}},{"start":{},"end":{}}],"line":304},"34":{"loc":{"start":{"line":310,"column":8},"end":{"line":348,"column":9}},"type":"if","locations":[{"start":{"line":310,"column":8},"end":{"line":348,"column":9}},{"start":{},"end":{}}],"line":310},"35":{"loc":{"start":{"line":310,"column":12},"end":{"line":310,"column":80}},"type":"binary-expr","locations":[{"start":{"line":310,"column":12},"end":{"line":310,"column":35}},{"start":{"line":310,"column":39},"end":{"line":310,"column":80}}],"line":310},"36":{"loc":{"start":{"line":318,"column":16},"end":{"line":324,"column":17}},"type":"if","locations":[{"start":{"line":318,"column":16},"end":{"line":324,"column":17}},{"start":{},"end":{}}],"line":318},"37":{"loc":{"start":{"line":327,"column":34},"end":{"line":327,"column":66}},"type":"binary-expr","locations":[{"start":{"line":327,"column":34},"end":{"line":327,"column":60}},{"start":{"line":327,"column":64},"end":{"line":327,"column":66}}],"line":327},"38":{"loc":{"start":{"line":335,"column":33},"end":{"line":335,"column":64}},"type":"binary-expr","locations":[{"start":{"line":335,"column":33},"end":{"line":335,"column":44}},{"start":{"line":335,"column":48},"end":{"line":335,"column":64}}],"line":335},"39":{"loc":{"start":{"line":336,"column":33},"end":{"line":336,"column":64}},"type":"binary-expr","locations":[{"start":{"line":336,"column":33},"end":{"line":336,"column":44}},{"start":{"line":336,"column":48},"end":{"line":336,"column":64}}],"line":336},"40":{"loc":{"start":{"line":337,"column":35},"end":{"line":337,"column":54}},"type":"binary-expr","locations":[{"start":{"line":337,"column":35},"end":{"line":337,"column":40}},{"start":{"line":337,"column":44},"end":{"line":337,"column":54}}],"line":337},"41":{"loc":{"start":{"line":354,"column":25},"end":{"line":354,"column":49}},"type":"binary-expr","locations":[{"start":{"line":354,"column":25},"end":{"line":354,"column":41}},{"start":{"line":354,"column":45},"end":{"line":354,"column":49}}],"line":354},"42":{"loc":{"start":{"line":355,"column":25},"end":{"line":355,"column":49}},"type":"binary-expr","locations":[{"start":{"line":355,"column":25},"end":{"line":355,"column":41}},{"start":{"line":355,"column":45},"end":{"line":355,"column":49}}],"line":355},"43":{"loc":{"start":{"line":356,"column":19},"end":{"line":356,"column":37}},"type":"binary-expr","locations":[{"start":{"line":356,"column":19},"end":{"line":356,"column":29}},{"start":{"line":356,"column":33},"end":{"line":356,"column":37}}],"line":356},"44":{"loc":{"start":{"line":383,"column":8},"end":{"line":388,"column":9}},"type":"if","locations":[{"start":{"line":383,"column":8},"end":{"line":388,"column":9}},{"start":{},"end":{}}],"line":383},"45":{"loc":{"start":{"line":395,"column":8},"end":{"line":400,"column":9}},"type":"if","locations":[{"start":{"line":395,"column":8},"end":{"line":400,"column":9}},{"start":{},"end":{}}],"line":395},"46":{"loc":{"start":{"line":395,"column":12},"end":{"line":395,"column":53}},"type":"binary-expr","locations":[{"start":{"line":395,"column":12},"end":{"line":395,"column":20}},{"start":{"line":395,"column":24},"end":{"line":395,"column":35}},{"start":{"line":395,"column":39},"end":{"line":395,"column":53}}],"line":395},"47":{"loc":{"start":{"line":402,"column":8},"end":{"line":407,"column":9}},"type":"if","locations":[{"start":{"line":402,"column":8},"end":{"line":407,"column":9}},{"start":{},"end":{}}],"line":402},"48":{"loc":{"start":{"line":445,"column":8},"end":{"line":450,"column":9}},"type":"if","locations":[{"start":{"line":445,"column":8},"end":{"line":450,"column":9}},{"start":{},"end":{}}],"line":445},"49":{"loc":{"start":{"line":460,"column":8},"end":{"line":465,"column":9}},"type":"if","locations":[{"start":{"line":460,"column":8},"end":{"line":465,"column":9}},{"start":{},"end":{}}],"line":460},"50":{"loc":{"start":{"line":522,"column":8},"end":{"line":524,"column":9}},"type":"if","locations":[{"start":{"line":522,"column":8},"end":{"line":524,"column":9}},{"start":{},"end":{}}],"line":522}},"s":{"0":2,"1":2,"2":2,"3":2,"4":2,"5":2,"6":2,"7":2,"8":2,"9":0,"10":2,"11":2,"12":0,"13":2,"14":2,"15":1,"16":1,"17":1,"18":0,"19":1,"20":1,"21":1,"22":1,"23":0,"24":0,"25":2,"26":2,"27":2,"28":2,"29":2,"30":1,"31":1,"32":1,"33":2,"34":0,"35":2,"36":0,"37":0,"38":0,"39":0,"40":0,"41":2,"42":2,"43":2,"44":2,"45":2,"46":0,"47":0,"48":2,"49":0,"50":0,"51":0,"52":0,"53":0,"54":0,"55":0,"56":0,"57":0,"58":0,"59":0,"60":2,"61":0,"62":0,"63":0,"64":0,"65":0,"66":0,"67":0,"68":0,"69":0,"70":0,"71":0,"72":0,"73":0,"74":0,"75":0,"76":0,"77":0,"78":0,"79":0,"80":0,"81":0,"82":0,"83":0,"84":0,"85":0,"86":0,"87":0,"88":0,"89":0,"90":0,"91":0,"92":0,"93":0,"94":0,"95":0,"96":0,"97":0,"98":0,"99":0,"100":0,"101":0,"102":0,"103":0,"104":2,"105":2,"106":2,"107":2,"108":0,"109":2,"110":2,"111":2,"112":2,"113":0,"114":2,"115":1,"116":1,"117":1,"118":1,"119":1,"120":0,"121":0,"122":2,"123":1,"124":1,"125":1,"126":1,"127":0,"128":1,"129":1,"130":0,"131":1,"132":1,"133":1,"134":1,"135":1,"136":1,"137":1,"138":0,"139":1,"140":14,"141":1,"142":0,"143":0,"144":2,"145":0,"146":0,"147":0,"148":0,"149":0,"150":0,"151":0,"152":0,"153":0,"154":0,"155":0,"156":0,"157":0,"158":0,"159":0,"160":0,"161":0,"162":2},"f":{"0":2,"1":2,"2":0,"3":0,"4":2,"5":1,"6":0,"7":14,"8":0,"9":0},"b":{"0":[0,2],"1":[2,2,2,2],"2":[0,2],"3":[1,1],"4":[0,1],"5":[1,0],"6":[1,0],"7":[2],"8":[2],"9":[1,1],"10":[1,0],"11":[0,2],"12":[2,0],"13":[0,2],"14":[2,2],"15":[0,0],"16":[0,0],"17":[0,0],"18":[0,0],"19":[0,0],"20":[0,0,0],"21":[0,0],"22":[0,0],"23":[0,0],"24":[0,0],"25":[0,0],"26":[0,0],"27":[0,0],"28":[0,0],"29":[0,0],"30":[0,0],"31":[0,0],"32":[0,0],"33":[0,0],"34":[0,0],"35":[0,0],"36":[0,0],"37":[0,0],"38":[0,0],"39":[0,0],"40":[0,0],"41":[0,0],"42":[0,0],"43":[0,0],"44":[0,2],"45":[0,2],"46":[2,2,0],"47":[1,1],"48":[0,1],"49":[0,1],"50":[0,0]},"_coverageSchema":"1a1c01bbd47fc00a2c39e90264f33305004495a9","hash":"133dd07a82d33f4400eac4bd749246e18ba26876"}
,"C:\\Users\\Klaudia\\OneDrive\\Documentos\\ANALISIS Y DESASROLLO DE SOFWARE\\PROYECTO\\GestionDeCitas-Proyecto\\back-end\\src\\controllers\\historialController.js": {"path":"C:\\Users\\Klaudia\\OneDrive\\Documentos\\ANALISIS Y DESASROLLO DE SOFWARE\\PROYECTO\\GestionDeCitas-Proyecto\\back-end\\src\\controllers\\historialController.js","statementMap":{"0":{"start":{"line":2,"column":34},"end":{"line":2,"column":54}},"1":{"start":{"line":3,"column":15},"end":{"line":3,"column":46}},"2":{"start":{"line":10,"column":25},"end":{"line":55,"column":1}},"3":{"start":{"line":11,"column":4},"end":{"line":54,"column":5}},"4":{"start":{"line":12,"column":31},"end":{"line":12,"column":41}},"5":{"start":{"line":14,"column":8},"end":{"line":14,"column":74}},"6":{"start":{"line":17,"column":25},"end":{"line":19,"column":10}},"7":{"start":{"line":21,"column":8},"end":{"line":26,"column":9}},"8":{"start":{"line":22,"column":12},"end":{"line":25,"column":15}},"9":{"start":{"line":29,"column":24},"end":{"line":31,"column":10}},"10":{"start":{"line":34,"column":8},"end":{"line":40,"column":9}},"11":{"start":{"line":35,"column":12},"end":{"line":38,"column":15}},"12":{"start":{"line":39,"column":12},"end":{"line":39,"column":73}},"13":{"start":{"line":42,"column":8},"end":{"line":46,"column":11}},"14":{"start":{"line":49,"column":8},"end":{"line":49,"column":62}},"15":{"start":{"line":50,"column":8},"end":{"line":53,"column":11}},"16":{"start":{"line":62,"column":25},"end":{"line":154,"column":1}},"17":{"start":{"line":63,"column":4},"end":{"line":153,"column":5}},"18":{"start":{"line":64,"column":31},"end":{"line":64,"column":41}},"19":{"start":{"line":70,"column":12},"end":{"line":70,"column":20}},"20":{"start":{"line":72,"column":8},"end":{"line":72,"column":73}},"21":{"start":{"line":75,"column":8},"end":{"line":80,"column":9}},"22":{"start":{"line":76,"column":12},"end":{"line":79,"column":15}},"23":{"start":{"line":83,"column":25},"end":{"line":83,"column":56}},"24":{"start":{"line":84,"column":8},"end":{"line":89,"column":9}},"25":{"start":{"line":85,"column":12},"end":{"line":88,"column":15}},"26":{"start":{"line":92,"column":24},"end":{"line":94,"column":10}},"27":{"start":{"line":96,"column":8},"end":{"line":101,"column":9}},"28":{"start":{"line":97,"column":12},"end":{"line":100,"column":15}},"29":{"start":{"line":104,"column":34},"end":{"line":104,"column":100}},"30":{"start":{"line":106,"column":8},"end":{"line":114,"column":9}},"31":{"start":{"line":107,"column":12},"end":{"line":113,"column":15}},"32":{"start":{"line":117,"column":26},"end":{"line":117,"column":58}},"33":{"start":{"line":118,"column":8},"end":{"line":130,"column":11}},"34":{"start":{"line":132,"column":8},"end":{"line":132,"column":64}},"35":{"start":{"line":134,"column":8},"end":{"line":139,"column":11}},"36":{"start":{"line":141,"column":8},"end":{"line":145,"column":11}},"37":{"start":{"line":148,"column":8},"end":{"line":148,"column":62}},"38":{"start":{"line":149,"column":8},"end":{"line":152,"column":11}},"39":{"start":{"line":161,"column":29},"end":{"line":198,"column":1}},"40":{"start":{"line":162,"column":4},"end":{"line":197,"column":5}},"41":{"start":{"line":163,"column":31},"end":{"line":163,"column":41}},"42":{"start":{"line":164,"column":72},"end":{"line":164,"column":80}},"43":{"start":{"line":166,"column":24},"end":{"line":168,"column":10}},"44":{"start":{"line":170,"column":8},"end":{"line":175,"column":9}},"45":{"start":{"line":171,"column":12},"end":{"line":174,"column":15}},"46":{"start":{"line":177,"column":8},"end":{"line":183,"column":11}},"47":{"start":{"line":185,"column":8},"end":{"line":189,"column":11}},"48":{"start":{"line":192,"column":8},"end":{"line":192,"column":67}},"49":{"start":{"line":193,"column":8},"end":{"line":196,"column":11}},"50":{"start":{"line":205,"column":26},"end":{"line":240,"column":1}},"51":{"start":{"line":206,"column":4},"end":{"line":239,"column":5}},"52":{"start":{"line":207,"column":31},"end":{"line":207,"column":41}},"53":{"start":{"line":209,"column":26},"end":{"line":212,"column":10}},"54":{"start":{"line":214,"column":8},"end":{"line":220,"column":9}},"55":{"start":{"line":215,"column":12},"end":{"line":219,"column":15}},"56":{"start":{"line":222,"column":8},"end":{"line":231,"column":11}},"57":{"start":{"line":234,"column":8},"end":{"line":234,"column":64}},"58":{"start":{"line":235,"column":8},"end":{"line":238,"column":11}},"59":{"start":{"line":242,"column":0},"end":{"line":247,"column":2}}},"fnMap":{"0":{"name":"(anonymous_0)","decl":{"start":{"line":10,"column":25},"end":{"line":10,"column":26}},"loc":{"start":{"line":10,"column":45},"end":{"line":55,"column":1}},"line":10},"1":{"name":"(anonymous_1)","decl":{"start":{"line":62,"column":25},"end":{"line":62,"column":26}},"loc":{"start":{"line":62,"column":45},"end":{"line":154,"column":1}},"line":62},"2":{"name":"(anonymous_2)","decl":{"start":{"line":161,"column":29},"end":{"line":161,"column":30}},"loc":{"start":{"line":161,"column":49},"end":{"line":198,"column":1}},"line":161},"3":{"name":"(anonymous_3)","decl":{"start":{"line":205,"column":26},"end":{"line":205,"column":27}},"loc":{"start":{"line":205,"column":46},"end":{"line":240,"column":1}},"line":205}},"branchMap":{"0":{"loc":{"start":{"line":21,"column":8},"end":{"line":26,"column":9}},"type":"if","locations":[{"start":{"line":21,"column":8},"end":{"line":26,"column":9}},{"start":{},"end":{}}],"line":21},"1":{"loc":{"start":{"line":34,"column":8},"end":{"line":40,"column":9}},"type":"if","locations":[{"start":{"line":34,"column":8},"end":{"line":40,"column":9}},{"start":{},"end":{}}],"line":34},"2":{"loc":{"start":{"line":75,"column":8},"end":{"line":80,"column":9}},"type":"if","locations":[{"start":{"line":75,"column":8},"end":{"line":80,"column":9}},{"start":{},"end":{}}],"line":75},"3":{"loc":{"start":{"line":75,"column":12},"end":{"line":75,"column":51}},"type":"binary-expr","locations":[{"start":{"line":75,"column":12},"end":{"line":75,"column":19}},{"start":{"line":75,"column":23},"end":{"line":75,"column":35}},{"start":{"line":75,"column":39},"end":{"line":75,"column":51}}],"line":75},"4":{"loc":{"start":{"line":84,"column":8},"end":{"line":89,"column":9}},"type":"if","locations":[{"start":{"line":84,"column":8},"end":{"line":89,"column":9}},{"start":{},"end":{}}],"line":84},"5":{"loc":{"start":{"line":96,"column":8},"end":{"line":101,"column":9}},"type":"if","locations":[{"start":{"line":96,"column":8},"end":{"line":101,"column":9}},{"start":{},"end":{}}],"line":96},"6":{"loc":{"start":{"line":104,"column":34},"end":{"line":104,"column":100}},"type":"binary-expr","locations":[{"start":{"line":104,"column":34},"end":{"line":104,"column":59}},{"start":{"line":104,"column":63},"end":{"line":104,"column":77}},{"start":{"line":104,"column":81},"end":{"line":104,"column":100}}],"line":104},"7":{"loc":{"start":{"line":106,"column":8},"end":{"line":114,"column":9}},"type":"if","locations":[{"start":{"line":106,"column":8},"end":{"line":114,"column":9}},{"start":{},"end":{}}],"line":106},"8":{"loc":{"start":{"line":108,"column":33},"end":{"line":108,"column":56}},"type":"binary-expr","locations":[{"start":{"line":108,"column":33},"end":{"line":108,"column":48}},{"start":{"line":108,"column":52},"end":{"line":108,"column":56}}],"line":108},"9":{"loc":{"start":{"line":109,"column":22},"end":{"line":109,"column":34}},"type":"binary-expr","locations":[{"start":{"line":109,"column":22},"end":{"line":109,"column":26}},{"start":{"line":109,"column":30},"end":{"line":109,"column":34}}],"line":109},"10":{"loc":{"start":{"line":110,"column":27},"end":{"line":110,"column":42}},"type":"binary-expr","locations":[{"start":{"line":110,"column":27},"end":{"line":110,"column":36}},{"start":{"line":110,"column":40},"end":{"line":110,"column":42}}],"line":110},"11":{"loc":{"start":{"line":111,"column":24},"end":{"line":111,"column":36}},"type":"binary-expr","locations":[{"start":{"line":111,"column":24},"end":{"line":111,"column":30}},{"start":{"line":111,"column":34},"end":{"line":111,"column":36}}],"line":111},"12":{"loc":{"start":{"line":112,"column":27},"end":{"line":112,"column":42}},"type":"binary-expr","locations":[{"start":{"line":112,"column":27},"end":{"line":112,"column":36}},{"start":{"line":112,"column":40},"end":{"line":112,"column":42}}],"line":112},"13":{"loc":{"start":{"line":117,"column":26},"end":{"line":117,"column":58}},"type":"binary-expr","locations":[{"start":{"line":117,"column":26},"end":{"line":117,"column":52}},{"start":{"line":117,"column":56},"end":{"line":117,"column":58}}],"line":117},"14":{"loc":{"start":{"line":123,"column":22},"end":{"line":123,"column":36}},"type":"binary-expr","locations":[{"start":{"line":123,"column":22},"end":{"line":123,"column":30}},{"start":{"line":123,"column":34},"end":{"line":123,"column":36}}],"line":123},"15":{"loc":{"start":{"line":124,"column":26},"end":{"line":124,"column":44}},"type":"binary-expr","locations":[{"start":{"line":124,"column":26},"end":{"line":124,"column":38}},{"start":{"line":124,"column":42},"end":{"line":124,"column":44}}],"line":124},"16":{"loc":{"start":{"line":125,"column":26},"end":{"line":125,"column":44}},"type":"binary-expr","locations":[{"start":{"line":125,"column":26},"end":{"line":125,"column":38}},{"start":{"line":125,"column":42},"end":{"line":125,"column":44}}],"line":125},"17":{"loc":{"start":{"line":126,"column":22},"end":{"line":126,"column":36}},"type":"binary-expr","locations":[{"start":{"line":126,"column":22},"end":{"line":126,"column":30}},{"start":{"line":126,"column":34},"end":{"line":126,"column":36}}],"line":126},"18":{"loc":{"start":{"line":127,"column":26},"end":{"line":127,"column":44}},"type":"binary-expr","locations":[{"start":{"line":127,"column":26},"end":{"line":127,"column":38}},{"start":{"line":127,"column":42},"end":{"line":127,"column":44}}],"line":127},"19":{"loc":{"start":{"line":128,"column":25},"end":{"line":128,"column":44}},"type":"binary-expr","locations":[{"start":{"line":128,"column":25},"end":{"line":128,"column":36}},{"start":{"line":128,"column":40},"end":{"line":128,"column":44}}],"line":128},"20":{"loc":{"start":{"line":129,"column":27},"end":{"line":129,"column":46}},"type":"binary-expr","locations":[{"start":{"line":129,"column":27},"end":{"line":129,"column":40}},{"start":{"line":129,"column":44},"end":{"line":129,"column":46}}],"line":129},"21":{"loc":{"start":{"line":138,"column":20},"end":{"line":138,"column":34}},"type":"binary-expr","locations":[{"start":{"line":138,"column":20},"end":{"line":138,"column":26}},{"start":{"line":138,"column":30},"end":{"line":138,"column":34}}],"line":138},"22":{"loc":{"start":{"line":170,"column":8},"end":{"line":175,"column":9}},"type":"if","locations":[{"start":{"line":170,"column":8},"end":{"line":175,"column":9}},{"start":{},"end":{}}],"line":170},"23":{"loc":{"start":{"line":178,"column":29},"end":{"line":178,"column":52}},"type":"binary-expr","locations":[{"start":{"line":178,"column":29},"end":{"line":178,"column":44}},{"start":{"line":178,"column":48},"end":{"line":178,"column":52}}],"line":178},"24":{"loc":{"start":{"line":179,"column":18},"end":{"line":179,"column":30}},"type":"binary-expr","locations":[{"start":{"line":179,"column":18},"end":{"line":179,"column":22}},{"start":{"line":179,"column":26},"end":{"line":179,"column":30}}],"line":179},"25":{"loc":{"start":{"line":180,"column":23},"end":{"line":180,"column":38}},"type":"binary-expr","locations":[{"start":{"line":180,"column":23},"end":{"line":180,"column":32}},{"start":{"line":180,"column":36},"end":{"line":180,"column":38}}],"line":180},"26":{"loc":{"start":{"line":181,"column":20},"end":{"line":181,"column":32}},"type":"binary-expr","locations":[{"start":{"line":181,"column":20},"end":{"line":181,"column":26}},{"start":{"line":181,"column":30},"end":{"line":181,"column":32}}],"line":181},"27":{"loc":{"start":{"line":182,"column":23},"end":{"line":182,"column":38}},"type":"binary-expr","locations":[{"start":{"line":182,"column":23},"end":{"line":182,"column":32}},{"start":{"line":182,"column":36},"end":{"line":182,"column":38}}],"line":182},"28":{"loc":{"start":{"line":214,"column":8},"end":{"line":220,"column":9}},"type":"if","locations":[{"start":{"line":214,"column":8},"end":{"line":220,"column":9}},{"start":{},"end":{}}],"line":214}},"s":{"0":2,"1":2,"2":2,"3":0,"4":0,"5":0,"6":0,"7":0,"8":0,"9":0,"10":0,"11":0,"12":0,"13":0,"14":0,"15":0,"16":2,"17":0,"18":0,"19":0,"20":0,"21":0,"22":0,"23":0,"24":0,"25":0,"26":0,"27":0,"28":0,"29":0,"30":0,"31":0,"32":0,"33":0,"34":0,"35":0,"36":0,"37":0,"38":0,"39":2,"40":0,"41":0,"42":0,"43":0,"44":0,"45":0,"46":0,"47":0,"48":0,"49":0,"50":2,"51":0,"52":0,"53":0,"54":0,"55":0,"56":0,"57":0,"58":0,"59":2},"f":{"0":0,"1":0,"2":0,"3":0},"b":{"0":[0,0],"1":[0,0],"2":[0,0],"3":[0,0,0],"4":[0,0],"5":[0,0],"6":[0,0,0],"7":[0,0],"8":[0,0],"9":[0,0],"10":[0,0],"11":[0,0],"12":[0,0],"13":[0,0],"14":[0,0],"15":[0,0],"16":[0,0],"17":[0,0],"18":[0,0],"19":[0,0],"20":[0,0],"21":[0,0],"22":[0,0],"23":[0,0],"24":[0,0],"25":[0,0],"26":[0,0],"27":[0,0],"28":[0,0]},"_coverageSchema":"1a1c01bbd47fc00a2c39e90264f33305004495a9","hash":"1e86fe7ca06004de066dd7c5fed6ab8b28cf7819"}
,"C:\\Users\\Klaudia\\OneDrive\\Documentos\\ANALISIS Y DESASROLLO DE SOFWARE\\PROYECTO\\GestionDeCitas-Proyecto\\back-end\\src\\controllers\\userController.js": {"path":"C:\\Users\\Klaudia\\OneDrive\\Documentos\\ANALISIS Y DESASROLLO DE SOFWARE\\PROYECTO\\GestionDeCitas-Proyecto\\back-end\\src\\controllers\\userController.js","statementMap":{"0":{"start":{"line":1,"column":17},"end":{"line":1,"column":37}},"1":{"start":{"line":3,"column":31},"end":{"line":27,"column":1}},"2":{"start":{"line":4,"column":4},"end":{"line":26,"column":5}},"3":{"start":{"line":5,"column":25},"end":{"line":5,"column":34}},"4":{"start":{"line":6,"column":22},"end":{"line":6,"column":24}},"5":{"start":{"line":7,"column":8},"end":{"line":9,"column":9}},"6":{"start":{"line":8,"column":12},"end":{"line":8,"column":37}},"7":{"start":{"line":11,"column":25},"end":{"line":14,"column":10}},"8":{"start":{"line":16,"column":8},"end":{"line":19,"column":11}},"9":{"start":{"line":21,"column":8},"end":{"line":21,"column":59}},"10":{"start":{"line":22,"column":8},"end":{"line":25,"column":11}},"11":{"start":{"line":29,"column":0},"end":{"line":31,"column":2}}},"fnMap":{"0":{"name":"(anonymous_0)","decl":{"start":{"line":3,"column":31},"end":{"line":3,"column":32}},"loc":{"start":{"line":3,"column":51},"end":{"line":27,"column":1}},"line":3}},"branchMap":{"0":{"loc":{"start":{"line":7,"column":8},"end":{"line":9,"column":9}},"type":"if","locations":[{"start":{"line":7,"column":8},"end":{"line":9,"column":9}},{"start":{},"end":{}}],"line":7}},"s":{"0":2,"1":2,"2":0,"3":0,"4":0,"5":0,"6":0,"7":0,"8":0,"9":0,"10":0,"11":2},"f":{"0":0},"b":{"0":[0,0]},"_coverageSchema":"1a1c01bbd47fc00a2c39e90264f33305004495a9","hash":"349d06d404729f21b039a650d47f386d89be4cf6"}
,"C:\\Users\\Klaudia\\OneDrive\\Documentos\\ANALISIS Y DESASROLLO DE SOFWARE\\PROYECTO\\GestionDeCitas-Proyecto\\back-end\\src\\middleware\\auth.js": {"path":"C:\\Users\\Klaudia\\OneDrive\\Documentos\\ANALISIS Y DESASROLLO DE SOFWARE\\PROYECTO\\GestionDeCitas-Proyecto\\back-end\\src\\middleware\\auth.js","statementMap":{"0":{"start":{"line":1,"column":12},"end":{"line":1,"column":35}},"1":{"start":{"line":2,"column":17},"end":{"line":2,"column":37}},"2":{"start":{"line":4,"column":22},"end":{"line":70,"column":1}},"3":{"start":{"line":8,"column":4},"end":{"line":11,"column":5}},"4":{"start":{"line":9,"column":8},"end":{"line":9,"column":56}},"5":{"start":{"line":10,"column":8},"end":{"line":10,"column":71}},"6":{"start":{"line":13,"column":4},"end":{"line":18,"column":5}},"7":{"start":{"line":14,"column":8},"end":{"line":17,"column":11}},"8":{"start":{"line":20,"column":4},"end":{"line":69,"column":5}},"9":{"start":{"line":22,"column":24},"end":{"line":22,"column":65}},"10":{"start":{"line":23,"column":8},"end":{"line":23,"column":52}},"11":{"start":{"line":26,"column":24},"end":{"line":28,"column":10}},"12":{"start":{"line":30,"column":8},"end":{"line":36,"column":9}},"13":{"start":{"line":31,"column":12},"end":{"line":31,"column":70}},"14":{"start":{"line":32,"column":12},"end":{"line":35,"column":15}},"15":{"start":{"line":38,"column":8},"end":{"line":43,"column":9}},"16":{"start":{"line":39,"column":12},"end":{"line":42,"column":15}},"17":{"start":{"line":46,"column":8},"end":{"line":46,"column":30}},"18":{"start":{"line":47,"column":8},"end":{"line":47,"column":15}},"19":{"start":{"line":50,"column":8},"end":{"line":50,"column":64}},"20":{"start":{"line":52,"column":8},"end":{"line":57,"column":9}},"21":{"start":{"line":53,"column":12},"end":{"line":56,"column":15}},"22":{"start":{"line":58,"column":8},"end":{"line":63,"column":9}},"23":{"start":{"line":59,"column":12},"end":{"line":62,"column":15}},"24":{"start":{"line":65,"column":8},"end":{"line":68,"column":11}},"25":{"start":{"line":72,"column":0},"end":{"line":72,"column":35}}},"fnMap":{"0":{"name":"(anonymous_0)","decl":{"start":{"line":4,"column":22},"end":{"line":4,"column":23}},"loc":{"start":{"line":4,"column":48},"end":{"line":70,"column":1}},"line":4}},"branchMap":{"0":{"loc":{"start":{"line":8,"column":4},"end":{"line":11,"column":5}},"type":"if","locations":[{"start":{"line":8,"column":4},"end":{"line":11,"column":5}},{"start":{},"end":{}}],"line":8},"1":{"loc":{"start":{"line":8,"column":8},"end":{"line":8,"column":83}},"type":"binary-expr","locations":[{"start":{"line":8,"column":8},"end":{"line":8,"column":33}},{"start":{"line":8,"column":37},"end":{"line":8,"column":83}}],"line":8},"2":{"loc":{"start":{"line":13,"column":4},"end":{"line":18,"column":5}},"type":"if","locations":[{"start":{"line":13,"column":4},"end":{"line":18,"column":5}},{"start":{},"end":{}}],"line":13},"3":{"loc":{"start":{"line":30,"column":8},"end":{"line":36,"column":9}},"type":"if","locations":[{"start":{"line":30,"column":8},"end":{"line":36,"column":9}},{"start":{},"end":{}}],"line":30},"4":{"loc":{"start":{"line":38,"column":8},"end":{"line":43,"column":9}},"type":"if","locations":[{"start":{"line":38,"column":8},"end":{"line":43,"column":9}},{"start":{},"end":{}}],"line":38},"5":{"loc":{"start":{"line":52,"column":8},"end":{"line":57,"column":9}},"type":"if","locations":[{"start":{"line":52,"column":8},"end":{"line":57,"column":9}},{"start":{},"end":{}}],"line":52},"6":{"loc":{"start":{"line":58,"column":8},"end":{"line":63,"column":9}},"type":"if","locations":[{"start":{"line":58,"column":8},"end":{"line":63,"column":9}},{"start":{},"end":{}}],"line":58}},"s":{"0":2,"1":2,"2":2,"3":10,"4":8,"5":8,"6":10,"7":2,"8":8,"9":8,"10":8,"11":8,"12":8,"13":0,"14":0,"15":8,"16":0,"17":8,"18":8,"19":0,"20":0,"21":0,"22":0,"23":0,"24":0,"25":2},"f":{"0":10},"b":{"0":[8,2],"1":[10,8],"2":[2,8],"3":[0,8],"4":[0,8],"5":[0,0],"6":[0,0]},"_coverageSchema":"1a1c01bbd47fc00a2c39e90264f33305004495a9","hash":"894d28fd941a23bcde7717b37cbfeaacc8606e53"}
,"C:\\Users\\Klaudia\\OneDrive\\Documentos\\ANALISIS Y DESASROLLO DE SOFWARE\\PROYECTO\\GestionDeCitas-Proyecto\\back-end\\src\\middleware\\logger.js": {"path":"C:\\Users\\Klaudia\\OneDrive\\Documentos\\ANALISIS Y DESASROLLO DE SOFWARE\\PROYECTO\\GestionDeCitas-Proyecto\\back-end\\src\\middleware\\logger.js","statementMap":{"0":{"start":{"line":1,"column":11},"end":{"line":1,"column":24}},"1":{"start":{"line":2,"column":13},"end":{"line":2,"column":28}},"2":{"start":{"line":4,"column":15},"end":{"line":4,"column":49}},"3":{"start":{"line":5,"column":0},"end":{"line":7,"column":1}},"4":{"start":{"line":6,"column":4},"end":{"line":6,"column":25}},"5":{"start":{"line":9,"column":15},"end":{"line":20,"column":1}},"6":{"start":{"line":10,"column":21},"end":{"line":15,"column":5}},"7":{"start":{"line":17,"column":20},"end":{"line":17,"column":96}},"8":{"start":{"line":18,"column":4},"end":{"line":18,"column":64}},"9":{"start":{"line":19,"column":4},"end":{"line":19,"column":50}},"10":{"start":{"line":22,"column":0},"end":{"line":22,"column":24}}},"fnMap":{"0":{"name":"(anonymous_0)","decl":{"start":{"line":9,"column":15},"end":{"line":9,"column":16}},"loc":{"start":{"line":9,"column":46},"end":{"line":20,"column":1}},"line":9}},"branchMap":{"0":{"loc":{"start":{"line":5,"column":0},"end":{"line":7,"column":1}},"type":"if","locations":[{"start":{"line":5,"column":0},"end":{"line":7,"column":1}},{"start":{},"end":{}}],"line":5},"1":{"loc":{"start":{"line":13,"column":17},"end":{"line":13,"column":37}},"type":"binary-expr","locations":[{"start":{"line":13,"column":17},"end":{"line":13,"column":24}},{"start":{"line":13,"column":28},"end":{"line":13,"column":37}}],"line":13},"2":{"loc":{"start":{"line":14,"column":18},"end":{"line":14,"column":32}},"type":"binary-expr","locations":[{"start":{"line":14,"column":18},"end":{"line":14,"column":26}},{"start":{"line":14,"column":30},"end":{"line":14,"column":32}}],"line":14}},"s":{"0":2,"1":2,"2":2,"3":2,"4":0,"5":2,"6":2,"7":2,"8":2,"9":2,"10":2},"f":{"0":2},"b":{"0":[0,2],"1":[2,0],"2":[2,0]},"_coverageSchema":"1a1c01bbd47fc00a2c39e90264f33305004495a9","hash":"b9f9620ad6d41a2578a58a5204f7963b42070718"}
,"C:\\Users\\Klaudia\\OneDrive\\Documentos\\ANALISIS Y DESASROLLO DE SOFWARE\\PROYECTO\\GestionDeCitas-Proyecto\\back-end\\src\\middleware\\validation.js": {"path":"C:\\Users\\Klaudia\\OneDrive\\Documentos\\ANALISIS Y DESASROLLO DE SOFWARE\\PROYECTO\\GestionDeCitas-Proyecto\\back-end\\src\\middleware\\validation.js","statementMap":{"0":{"start":{"line":1,"column":29},"end":{"line":1,"column":57}},"1":{"start":{"line":3,"column":22},"end":{"line":21,"column":1}},"2":{"start":{"line":4,"column":19},"end":{"line":4,"column":40}},"3":{"start":{"line":6,"column":4},"end":{"line":18,"column":5}},"4":{"start":{"line":7,"column":35},"end":{"line":11,"column":11}},"5":{"start":{"line":7,"column":62},"end":{"line":11,"column":9}},"6":{"start":{"line":13,"column":8},"end":{"line":17,"column":11}},"7":{"start":{"line":20,"column":4},"end":{"line":20,"column":11}},"8":{"start":{"line":23,"column":25},"end":{"line":51,"column":1}},"9":{"start":{"line":25,"column":31},"end":{"line":25,"column":46}},"10":{"start":{"line":26,"column":20},"end":{"line":26,"column":30}},"11":{"start":{"line":27,"column":8},"end":{"line":27,"column":33}},"12":{"start":{"line":29,"column":8},"end":{"line":31,"column":9}},"13":{"start":{"line":30,"column":12},"end":{"line":30,"column":66}},"14":{"start":{"line":32,"column":8},"end":{"line":32,"column":20}},"15":{"start":{"line":36,"column":21},"end":{"line":36,"column":50}},"16":{"start":{"line":37,"column":8},"end":{"line":39,"column":9}},"17":{"start":{"line":38,"column":12},"end":{"line":38,"column":74}},"18":{"start":{"line":40,"column":8},"end":{"line":40,"column":20}},"19":{"start":{"line":44,"column":22},"end":{"line":44,"column":37}},"20":{"start":{"line":45,"column":26},"end":{"line":45,"column":40}},"21":{"start":{"line":46,"column":8},"end":{"line":48,"column":9}},"22":{"start":{"line":47,"column":12},"end":{"line":47,"column":67}},"23":{"start":{"line":49,"column":8},"end":{"line":49,"column":20}},"24":{"start":{"line":53,"column":28},"end":{"line":82,"column":1}},"25":{"start":{"line":55,"column":30},"end":{"line":55,"column":40}},"26":{"start":{"line":56,"column":8},"end":{"line":58,"column":9}},"27":{"start":{"line":57,"column":12},"end":{"line":57,"column":102}},"28":{"start":{"line":59,"column":8},"end":{"line":59,"column":20}},"29":{"start":{"line":63,"column":31},"end":{"line":63,"column":50}},"30":{"start":{"line":64,"column":31},"end":{"line":64,"column":50}},"31":{"start":{"line":65,"column":28},"end":{"line":65,"column":44}},"32":{"start":{"line":66,"column":30},"end":{"line":66,"column":66}},"33":{"start":{"line":68,"column":8},"end":{"line":70,"column":9}},"34":{"start":{"line":69,"column":12},"end":{"line":69,"column":129}},"35":{"start":{"line":71,"column":8},"end":{"line":71,"column":20}},"36":{"start":{"line":75,"column":35},"end":{"line":75,"column":92}},"37":{"start":{"line":76,"column":24},"end":{"line":76,"column":43}},"38":{"start":{"line":77,"column":8},"end":{"line":79,"column":9}},"39":{"start":{"line":78,"column":12},"end":{"line":78,"column":64}},"40":{"start":{"line":80,"column":8},"end":{"line":80,"column":20}},"41":{"start":{"line":84,"column":26},"end":{"line":93,"column":1}},"42":{"start":{"line":85,"column":4},"end":{"line":91,"column":5}},"43":{"start":{"line":86,"column":8},"end":{"line":90,"column":11}},"44":{"start":{"line":87,"column":12},"end":{"line":89,"column":13}},"45":{"start":{"line":88,"column":16},"end":{"line":88,"column":77}},"46":{"start":{"line":92,"column":4},"end":{"line":92,"column":11}},"47":{"start":{"line":95,"column":23},"end":{"line":107,"column":1}},"48":{"start":{"line":96,"column":15},"end":{"line":96,"column":28}},"49":{"start":{"line":97,"column":25},"end":{"line":97,"column":44}},"50":{"start":{"line":99,"column":4},"end":{"line":104,"column":5}},"51":{"start":{"line":100,"column":8},"end":{"line":103,"column":11}},"52":{"start":{"line":106,"column":4},"end":{"line":106,"column":11}},"53":{"start":{"line":109,"column":26},"end":{"line":133,"column":1}},"54":{"start":{"line":110,"column":38},"end":{"line":110,"column":47}},"55":{"start":{"line":112,"column":4},"end":{"line":112,"column":30}},"56":{"start":{"line":113,"column":4},"end":{"line":113,"column":30}},"57":{"start":{"line":115,"column":4},"end":{"line":120,"column":5}},"58":{"start":{"line":116,"column":8},"end":{"line":119,"column":11}},"59":{"start":{"line":122,"column":4},"end":{"line":127,"column":5}},"60":{"start":{"line":123,"column":8},"end":{"line":126,"column":11}},"61":{"start":{"line":129,"column":4},"end":{"line":129,"column":24}},"62":{"start":{"line":130,"column":4},"end":{"line":130,"column":24}},"63":{"start":{"line":132,"column":4},"end":{"line":132,"column":11}},"64":{"start":{"line":135,"column":0},"end":{"line":142,"column":2}}},"fnMap":{"0":{"name":"(anonymous_0)","decl":{"start":{"line":3,"column":22},"end":{"line":3,"column":23}},"loc":{"start":{"line":3,"column":42},"end":{"line":21,"column":1}},"line":3},"1":{"name":"(anonymous_1)","decl":{"start":{"line":7,"column":54},"end":{"line":7,"column":55}},"loc":{"start":{"line":7,"column":62},"end":{"line":11,"column":9}},"line":7},"2":{"name":"(anonymous_2)","decl":{"start":{"line":24,"column":19},"end":{"line":24,"column":20}},"loc":{"start":{"line":24,"column":30},"end":{"line":33,"column":5}},"line":24},"3":{"name":"(anonymous_3)","decl":{"start":{"line":35,"column":20},"end":{"line":35,"column":21}},"loc":{"start":{"line":35,"column":31},"end":{"line":41,"column":5}},"line":35},"4":{"name":"(anonymous_4)","decl":{"start":{"line":43,"column":16},"end":{"line":43,"column":17}},"loc":{"start":{"line":43,"column":27},"end":{"line":50,"column":5}},"line":43},"5":{"name":"(anonymous_5)","decl":{"start":{"line":54,"column":24},"end":{"line":54,"column":25}},"loc":{"start":{"line":54,"column":35},"end":{"line":60,"column":5}},"line":54},"6":{"name":"(anonymous_6)","decl":{"start":{"line":62,"column":20},"end":{"line":62,"column":21}},"loc":{"start":{"line":62,"column":31},"end":{"line":72,"column":5}},"line":62},"7":{"name":"(anonymous_7)","decl":{"start":{"line":74,"column":21},"end":{"line":74,"column":22}},"loc":{"start":{"line":74,"column":32},"end":{"line":81,"column":5}},"line":74},"8":{"name":"(anonymous_8)","decl":{"start":{"line":84,"column":26},"end":{"line":84,"column":27}},"loc":{"start":{"line":84,"column":46},"end":{"line":93,"column":1}},"line":84},"9":{"name":"(anonymous_9)","decl":{"start":{"line":86,"column":38},"end":{"line":86,"column":39}},"loc":{"start":{"line":86,"column":45},"end":{"line":90,"column":9}},"line":86},"10":{"name":"(anonymous_10)","decl":{"start":{"line":95,"column":23},"end":{"line":95,"column":24}},"loc":{"start":{"line":95,"column":43},"end":{"line":107,"column":1}},"line":95},"11":{"name":"(anonymous_11)","decl":{"start":{"line":109,"column":26},"end":{"line":109,"column":27}},"loc":{"start":{"line":109,"column":46},"end":{"line":133,"column":1}},"line":109}},"branchMap":{"0":{"loc":{"start":{"line":6,"column":4},"end":{"line":18,"column":5}},"type":"if","locations":[{"start":{"line":6,"column":4},"end":{"line":18,"column":5}},{"start":{},"end":{}}],"line":6},"1":{"loc":{"start":{"line":29,"column":8},"end":{"line":31,"column":9}},"type":"if","locations":[{"start":{"line":29,"column":8},"end":{"line":31,"column":9}},{"start":{},"end":{}}],"line":29},"2":{"loc":{"start":{"line":37,"column":8},"end":{"line":39,"column":9}},"type":"if","locations":[{"start":{"line":37,"column":8},"end":{"line":39,"column":9}},{"start":{},"end":{}}],"line":37},"3":{"loc":{"start":{"line":37,"column":12},"end":{"line":37,"column":33}},"type":"binary-expr","locations":[{"start":{"line":37,"column":12},"end":{"line":37,"column":20}},{"start":{"line":37,"column":24},"end":{"line":37,"column":33}}],"line":37},"4":{"loc":{"start":{"line":46,"column":8},"end":{"line":48,"column":9}},"type":"if","locations":[{"start":{"line":46,"column":8},"end":{"line":48,"column":9}},{"start":{},"end":{}}],"line":46},"5":{"loc":{"start":{"line":46,"column":12},"end":{"line":46,"column":46}},"type":"binary-expr","locations":[{"start":{"line":46,"column":12},"end":{"line":46,"column":27}},{"start":{"line":46,"column":31},"end":{"line":46,"column":46}}],"line":46},"6":{"loc":{"start":{"line":56,"column":8},"end":{"line":58,"column":9}},"type":"if","locations":[{"start":{"line":56,"column":8},"end":{"line":58,"column":9}},{"start":{},"end":{}}],"line":56},"7":{"loc":{"start":{"line":68,"column":8},"end":{"line":70,"column":9}},"type":"if","locations":[{"start":{"line":68,"column":8},"end":{"line":70,"column":9}},{"start":{},"end":{}}],"line":68},"8":{"loc":{"start":{"line":68,"column":12},"end":{"line":68,"column":80}},"type":"binary-expr","locations":[{"start":{"line":68,"column":12},"end":{"line":68,"column":27}},{"start":{"line":68,"column":31},"end":{"line":68,"column":46}},{"start":{"line":68,"column":50},"end":{"line":68,"column":62}},{"start":{"line":68,"column":66},"end":{"line":68,"column":80}}],"line":68},"9":{"loc":{"start":{"line":77,"column":8},"end":{"line":79,"column":9}},"type":"if","locations":[{"start":{"line":77,"column":8},"end":{"line":79,"column":9}},{"start":{},"end":{}}],"line":77},"10":{"loc":{"start":{"line":85,"column":4},"end":{"line":91,"column":5}},"type":"if","locations":[{"start":{"line":85,"column":4},"end":{"line":91,"column":5}},{"start":{},"end":{}}],"line":85},"11":{"loc":{"start":{"line":87,"column":12},"end":{"line":89,"column":13}},"type":"if","locations":[{"start":{"line":87,"column":12},"end":{"line":89,"column":13}},{"start":{},"end":{}}],"line":87},"12":{"loc":{"start":{"line":99,"column":4},"end":{"line":104,"column":5}},"type":"if","locations":[{"start":{"line":99,"column":4},"end":{"line":104,"column":5}},{"start":{},"end":{}}],"line":99},"13":{"loc":{"start":{"line":99,"column":8},"end":{"line":99,"column":36}},"type":"binary-expr","locations":[{"start":{"line":99,"column":8},"end":{"line":99,"column":10}},{"start":{"line":99,"column":14},"end":{"line":99,"column":36}}],"line":99},"14":{"loc":{"start":{"line":110,"column":10},"end":{"line":110,"column":20}},"type":"default-arg","locations":[{"start":{"line":110,"column":19},"end":{"line":110,"column":20}}],"line":110},"15":{"loc":{"start":{"line":110,"column":22},"end":{"line":110,"column":33}},"type":"default-arg","locations":[{"start":{"line":110,"column":31},"end":{"line":110,"column":33}}],"line":110},"16":{"loc":{"start":{"line":115,"column":4},"end":{"line":120,"column":5}},"type":"if","locations":[{"start":{"line":115,"column":4},"end":{"line":120,"column":5}},{"start":{},"end":{}}],"line":115},"17":{"loc":{"start":{"line":115,"column":8},"end":{"line":115,"column":35}},"type":"binary-expr","locations":[{"start":{"line":115,"column":8},"end":{"line":115,"column":21}},{"start":{"line":115,"column":25},"end":{"line":115,"column":35}}],"line":115},"18":{"loc":{"start":{"line":122,"column":4},"end":{"line":127,"column":5}},"type":"if","locations":[{"start":{"line":122,"column":4},"end":{"line":127,"column":5}},{"start":{},"end":{}}],"line":122},"19":{"loc":{"start":{"line":122,"column":8},"end":{"line":122,"column":51}},"type":"binary-expr","locations":[{"start":{"line":122,"column":8},"end":{"line":122,"column":21}},{"start":{"line":122,"column":25},"end":{"line":122,"column":35}},{"start":{"line":122,"column":39},"end":{"line":122,"column":51}}],"line":122}},"s":{"0":2,"1":2,"2":10,"3":10,"4":1,"5":4,"6":1,"7":9,"8":2,"9":0,"10":0,"11":0,"12":0,"13":0,"14":0,"15":0,"16":0,"17":0,"18":0,"19":0,"20":0,"21":0,"22":0,"23":0,"24":2,"25":0,"26":0,"27":0,"28":0,"29":0,"30":0,"31":0,"32":0,"33":0,"34":0,"35":0,"36":0,"37":0,"38":0,"39":0,"40":0,"41":2,"42":11,"43":11,"44":43,"45":43,"46":11,"47":2,"48":0,"49":0,"50":0,"51":0,"52":0,"53":2,"54":0,"55":0,"56":0,"57":0,"58":0,"59":0,"60":0,"61":0,"62":0,"63":0,"64":2},"f":{"0":10,"1":4,"2":0,"3":0,"4":0,"5":0,"6":0,"7":0,"8":11,"9":43,"10":0,"11":0},"b":{"0":[1,9],"1":[0,0],"2":[0,0],"3":[0,0],"4":[0,0],"5":[0,0],"6":[0,0],"7":[0,0],"8":[0,0,0,0],"9":[0,0],"10":[11,0],"11":[43,0],"12":[0,0],"13":[0,0],"14":[0],"15":[0],"16":[0,0],"17":[0,0],"18":[0,0],"19":[0,0,0]},"_coverageSchema":"1a1c01bbd47fc00a2c39e90264f33305004495a9","hash":"d3601d2ff73c659db7c0915263678eb6fb1c02c3"}
,"C:\\Users\\Klaudia\\OneDrive\\Documentos\\ANALISIS Y DESASROLLO DE SOFWARE\\PROYECTO\\GestionDeCitas-Proyecto\\back-end\\src\\models\\Cita.js": {"path":"C:\\Users\\Klaudia\\OneDrive\\Documentos\\ANALISIS Y DESASROLLO DE SOFWARE\\PROYECTO\\GestionDeCitas-Proyecto\\back-end\\src\\models\\Cita.js","statementMap":{"0":{"start":{"line":1,"column":22},"end":{"line":1,"column":42}},"1":{"start":{"line":2,"column":22},"end":{"line":2,"column":52}},"2":{"start":{"line":4,"column":13},"end":{"line":69,"column":2}},"3":{"start":{"line":72,"column":0},"end":{"line":80,"column":2}},"4":{"start":{"line":73,"column":16},"end":{"line":73,"column":26}},"5":{"start":{"line":74,"column":22},"end":{"line":74,"column":42}},"6":{"start":{"line":75,"column":27},"end":{"line":75,"column":79}},"7":{"start":{"line":77,"column":4},"end":{"line":79,"column":31}},"8":{"start":{"line":82,"column":0},"end":{"line":82,"column":22}}},"fnMap":{"0":{"name":"(anonymous_0)","decl":{"start":{"line":72,"column":31},"end":{"line":72,"column":32}},"loc":{"start":{"line":72,"column":42},"end":{"line":80,"column":1}},"line":72}},"branchMap":{"0":{"loc":{"start":{"line":77,"column":11},"end":{"line":79,"column":30}},"type":"binary-expr","locations":[{"start":{"line":77,"column":11},"end":{"line":77,"column":38}},{"start":{"line":78,"column":11},"end":{"line":78,"column":39}},{"start":{"line":79,"column":11},"end":{"line":79,"column":30}}],"line":77}},"s":{"0":2,"1":2,"2":2,"3":2,"4":2,"5":2,"6":2,"7":2,"8":2},"f":{"0":2},"b":{"0":[2,1,1]},"_coverageSchema":"1a1c01bbd47fc00a2c39e90264f33305004495a9","hash":"cc5be6babe670bba182ff7897798e61a5912459c"}
,"C:\\Users\\Klaudia\\OneDrive\\Documentos\\ANALISIS Y DESASROLLO DE SOFWARE\\PROYECTO\\GestionDeCitas-Proyecto\\back-end\\src\\models\\HistorialMedico.js": {"path":"C:\\Users\\Klaudia\\OneDrive\\Documentos\\ANALISIS Y DESASROLLO DE SOFWARE\\PROYECTO\\GestionDeCitas-Proyecto\\back-end\\src\\models\\HistorialMedico.js","statementMap":{"0":{"start":{"line":1,"column":22},"end":{"line":1,"column":42}},"1":{"start":{"line":2,"column":22},"end":{"line":2,"column":52}},"2":{"start":{"line":4,"column":24},"end":{"line":82,"column":2}},"3":{"start":{"line":84,"column":0},"end":{"line":84,"column":33}}},"fnMap":{},"branchMap":{},"s":{"0":2,"1":2,"2":2,"3":2},"f":{},"b":{},"_coverageSchema":"1a1c01bbd47fc00a2c39e90264f33305004495a9","hash":"151e4806335c9975dd7e58ad263d9a0a20f957f6"}
,"C:\\Users\\Klaudia\\OneDrive\\Documentos\\ANALISIS Y DESASROLLO DE SOFWARE\\PROYECTO\\GestionDeCitas-Proyecto\\back-end\\src\\models\\User.js": {"path":"C:\\Users\\Klaudia\\OneDrive\\Documentos\\ANALISIS Y DESASROLLO DE SOFWARE\\PROYECTO\\GestionDeCitas-Proyecto\\back-end\\src\\models\\User.js","statementMap":{"0":{"start":{"line":1,"column":22},"end":{"line":1,"column":42}},"1":{"start":{"line":2,"column":22},"end":{"line":2,"column":52}},"2":{"start":{"line":3,"column":15},"end":{"line":3,"column":34}},"3":{"start":{"line":5,"column":13},"end":{"line":66,"column":2}},"4":{"start":{"line":54,"column":12},"end":{"line":57,"column":13}},"5":{"start":{"line":55,"column":29},"end":{"line":55,"column":53}},"6":{"start":{"line":56,"column":16},"end":{"line":56,"column":71}},"7":{"start":{"line":60,"column":12},"end":{"line":63,"column":13}},"8":{"start":{"line":61,"column":29},"end":{"line":61,"column":53}},"9":{"start":{"line":62,"column":16},"end":{"line":62,"column":71}},"10":{"start":{"line":69,"column":0},"end":{"line":71,"column":2}},"11":{"start":{"line":70,"column":4},"end":{"line":70,"column":66}},"12":{"start":{"line":73,"column":0},"end":{"line":73,"column":22}}},"fnMap":{"0":{"name":"(anonymous_0)","decl":{"start":{"line":53,"column":22},"end":{"line":53,"column":23}},"loc":{"start":{"line":53,"column":38},"end":{"line":58,"column":9}},"line":53},"1":{"name":"(anonymous_1)","decl":{"start":{"line":59,"column":22},"end":{"line":59,"column":23}},"loc":{"start":{"line":59,"column":38},"end":{"line":64,"column":9}},"line":59},"2":{"name":"(anonymous_2)","decl":{"start":{"line":69,"column":34},"end":{"line":69,"column":35}},"loc":{"start":{"line":69,"column":68},"end":{"line":71,"column":1}},"line":69}},"branchMap":{"0":{"loc":{"start":{"line":54,"column":12},"end":{"line":57,"column":13}},"type":"if","locations":[{"start":{"line":54,"column":12},"end":{"line":57,"column":13}},{"start":{},"end":{}}],"line":54},"1":{"loc":{"start":{"line":60,"column":12},"end":{"line":63,"column":13}},"type":"if","locations":[{"start":{"line":60,"column":12},"end":{"line":63,"column":13}},{"start":{},"end":{}}],"line":60}},"s":{"0":2,"1":2,"2":2,"3":2,"4":6,"5":6,"6":6,"7":0,"8":0,"9":0,"10":2,"11":2,"12":2},"f":{"0":6,"1":0,"2":2},"b":{"0":[6,0],"1":[0,0]},"_coverageSchema":"1a1c01bbd47fc00a2c39e90264f33305004495a9","hash":"4dba202d1440d7f48d50c72bc75736838416932b"}
,"C:\\Users\\Klaudia\\OneDrive\\Documentos\\ANALISIS Y DESASROLLO DE SOFWARE\\PROYECTO\\GestionDeCitas-Proyecto\\back-end\\src\\models\\index.js": {"path":"C:\\Users\\Klaudia\\OneDrive\\Documentos\\ANALISIS Y DESASROLLO DE SOFWARE\\PROYECTO\\GestionDeCitas-Proyecto\\back-end\\src\\models\\index.js","statementMap":{"0":{"start":{"line":1,"column":13},"end":{"line":1,"column":30}},"1":{"start":{"line":2,"column":13},"end":{"line":2,"column":30}},"2":{"start":{"line":3,"column":24},"end":{"line":3,"column":52}},"3":{"start":{"line":4,"column":22},"end":{"line":4,"column":52}},"4":{"start":{"line":7,"column":0},"end":{"line":7,"column":74}},"5":{"start":{"line":8,"column":0},"end":{"line":8,"column":80}},"6":{"start":{"line":9,"column":0},"end":{"line":9,"column":67}},"7":{"start":{"line":10,"column":0},"end":{"line":10,"column":73}},"8":{"start":{"line":12,"column":0},"end":{"line":12,"column":59}},"9":{"start":{"line":13,"column":0},"end":{"line":13,"column":62}},"10":{"start":{"line":16,"column":19},"end":{"line":23,"column":1}},"11":{"start":{"line":17,"column":4},"end":{"line":22,"column":5}},"12":{"start":{"line":18,"column":8},"end":{"line":18,"column":46}},"13":{"start":{"line":19,"column":8},"end":{"line":19,"column":68}},"14":{"start":{"line":21,"column":8},"end":{"line":21,"column":71}},"15":{"start":{"line":25,"column":0},"end":{"line":30,"column":2}}},"fnMap":{"0":{"name":"(anonymous_0)","decl":{"start":{"line":16,"column":19},"end":{"line":16,"column":20}},"loc":{"start":{"line":16,"column":31},"end":{"line":23,"column":1}},"line":16}},"branchMap":{},"s":{"0":2,"1":2,"2":2,"3":2,"4":2,"5":2,"6":2,"7":2,"8":2,"9":2,"10":2,"11":2,"12":2,"13":0,"14":0,"15":2},"f":{"0":2},"b":{},"_coverageSchema":"1a1c01bbd47fc00a2c39e90264f33305004495a9","hash":"5d2a9dde6101216cf1bce91444cf18bd498ea12f"}
,"C:\\Users\\Klaudia\\OneDrive\\Documentos\\ANALISIS Y DESASROLLO DE SOFWARE\\PROYECTO\\GestionDeCitas-Proyecto\\back-end\\src\\routes\\authRoutes.js": {"path":"C:\\Users\\Klaudia\\OneDrive\\Documentos\\ANALISIS Y DESASROLLO DE SOFWARE\\PROYECTO\\GestionDeCitas-Proyecto\\back-end\\src\\routes\\authRoutes.js","statementMap":{"0":{"start":{"line":1,"column":16},"end":{"line":1,"column":34}},"1":{"start":{"line":2,"column":15},"end":{"line":2,"column":31}},"2":{"start":{"line":3,"column":17},"end":{"line":3,"column":45}},"3":{"start":{"line":11,"column":4},"end":{"line":11,"column":44}},"4":{"start":{"line":12,"column":26},"end":{"line":12,"column":55}},"5":{"start":{"line":13,"column":66},"end":{"line":13,"column":101}},"6":{"start":{"line":15,"column":24},"end":{"line":21,"column":1}},"7":{"start":{"line":23,"column":0},"end":{"line":23,"column":79}},"8":{"start":{"line":24,"column":0},"end":{"line":24,"column":55}},"9":{"start":{"line":25,"column":0},"end":{"line":25,"column":52}},"10":{"start":{"line":27,"column":0},"end":{"line":27,"column":24}}},"fnMap":{},"branchMap":{},"s":{"0":2,"1":2,"2":2,"3":2,"4":2,"5":2,"6":2,"7":2,"8":2,"9":2,"10":2},"f":{},"b":{},"_coverageSchema":"1a1c01bbd47fc00a2c39e90264f33305004495a9","hash":"d540cf66c292ecf30938f48edfbc5de9548ee3e8"}
,"C:\\Users\\Klaudia\\OneDrive\\Documentos\\ANALISIS Y DESASROLLO DE SOFWARE\\PROYECTO\\GestionDeCitas-Proyecto\\back-end\\src\\routes\\citaRoutes.js": {"path":"C:\\Users\\Klaudia\\OneDrive\\Documentos\\ANALISIS Y DESASROLLO DE SOFWARE\\PROYECTO\\GestionDeCitas-Proyecto\\back-end\\src\\routes\\citaRoutes.js","statementMap":{"0":{"start":{"line":1,"column":16},"end":{"line":1,"column":34}},"1":{"start":{"line":2,"column":15},"end":{"line":2,"column":31}},"2":{"start":{"line":3,"column":24},"end":{"line":3,"column":52}},"3":{"start":{"line":11,"column":4},"end":{"line":11,"column":44}},"4":{"start":{"line":12,"column":26},"end":{"line":12,"column":55}},"5":{"start":{"line":13,"column":26},"end":{"line":13,"column":61}},"6":{"start":{"line":16,"column":25},"end":{"line":22,"column":1}},"7":{"start":{"line":25,"column":0},"end":{"line":25,"column":61}},"8":{"start":{"line":26,"column":0},"end":{"line":26,"column":45}},"9":{"start":{"line":27,"column":0},"end":{"line":27,"column":83}},"10":{"start":{"line":28,"column":0},"end":{"line":28,"column":47}},"11":{"start":{"line":29,"column":0},"end":{"line":29,"column":50}},"12":{"start":{"line":30,"column":0},"end":{"line":30,"column":51}},"13":{"start":{"line":32,"column":0},"end":{"line":32,"column":24}}},"fnMap":{},"branchMap":{},"s":{"0":2,"1":2,"2":2,"3":2,"4":2,"5":2,"6":2,"7":2,"8":2,"9":2,"10":2,"11":2,"12":2,"13":2},"f":{},"b":{},"_coverageSchema":"1a1c01bbd47fc00a2c39e90264f33305004495a9","hash":"e7dad9335f3d3ca2306de8bcdb094b0fdbcb6f36"}
,"C:\\Users\\Klaudia\\OneDrive\\Documentos\\ANALISIS Y DESASROLLO DE SOFWARE\\PROYECTO\\GestionDeCitas-Proyecto\\back-end\\src\\routes\\historialRoutes.js": {"path":"C:\\Users\\Klaudia\\OneDrive\\Documentos\\ANALISIS Y DESASROLLO DE SOFWARE\\PROYECTO\\GestionDeCitas-Proyecto\\back-end\\src\\routes\\historialRoutes.js","statementMap":{"0":{"start":{"line":2,"column":16},"end":{"line":2,"column":34}},"1":{"start":{"line":3,"column":15},"end":{"line":3,"column":31}},"2":{"start":{"line":9,"column":4},"end":{"line":9,"column":49}},"3":{"start":{"line":10,"column":26},"end":{"line":10,"column":55}},"4":{"start":{"line":13,"column":0},"end":{"line":13,"column":60}},"5":{"start":{"line":16,"column":0},"end":{"line":16,"column":61}},"6":{"start":{"line":19,"column":0},"end":{"line":19,"column":73}},"7":{"start":{"line":22,"column":0},"end":{"line":22,"column":76}},"8":{"start":{"line":24,"column":0},"end":{"line":24,"column":24}}},"fnMap":{},"branchMap":{},"s":{"0":2,"1":2,"2":2,"3":2,"4":2,"5":2,"6":2,"7":2,"8":2},"f":{},"b":{},"_coverageSchema":"1a1c01bbd47fc00a2c39e90264f33305004495a9","hash":"75ee228991d1d15020dbfb3547ab9bbde1fcbac0"}
,"C:\\Users\\Klaudia\\OneDrive\\Documentos\\ANALISIS Y DESASROLLO DE SOFWARE\\PROYECTO\\GestionDeCitas-Proyecto\\back-end\\src\\routes\\userRoutes.js": {"path":"C:\\Users\\Klaudia\\OneDrive\\Documentos\\ANALISIS Y DESASROLLO DE SOFWARE\\PROYECTO\\GestionDeCitas-Proyecto\\back-end\\src\\routes\\userRoutes.js","statementMap":{"0":{"start":{"line":1,"column":16},"end":{"line":1,"column":34}},"1":{"start":{"line":2,"column":15},"end":{"line":2,"column":31}},"2":{"start":{"line":3,"column":35},"end":{"line":3,"column":75}},"3":{"start":{"line":4,"column":26},"end":{"line":4,"column":55}},"4":{"start":{"line":7,"column":0},"end":{"line":7,"column":55}},"5":{"start":{"line":9,"column":0},"end":{"line":9,"column":24}}},"fnMap":{},"branchMap":{},"s":{"0":2,"1":2,"2":2,"3":2,"4":2,"5":2},"f":{},"b":{},"_coverageSchema":"1a1c01bbd47fc00a2c39e90264f33305004495a9","hash":"6e40f56c7453cbb56757c899a8d7eb3e5abba2a9"}
}
