TN:
SF:src\app.js
FN:17,(anonymous_0)
FN:43,(anonymous_1)
FN:51,(anonymous_2)
FN:66,(anonymous_3)
FN:75,(anonymous_4)
FN:82,(anonymous_5)
FN:101,(anonymous_6)
FNF:7
FNH:2
FNDA:2,(anonymous_0)
FNDA:0,(anonymous_1)
FNDA:0,(anonymous_2)
FNDA:0,(anonymous_3)
FNDA:0,(anonymous_4)
FNDA:0,(anonymous_5)
FNDA:2,(anonymous_6)
DA:1,2
DA:2,2
DA:3,2
DA:4,2
DA:5,2
DA:7,2
DA:8,2
DA:9,2
DA:10,2
DA:11,2
DA:12,2
DA:14,2
DA:17,2
DA:18,2
DA:19,2
DA:20,2
DA:21,2
DA:22,0
DA:25,0
DA:30,2
DA:31,2
DA:35,2
DA:36,2
DA:38,2
DA:39,0
DA:43,2
DA:44,0
DA:51,2
DA:52,0
DA:60,2
DA:61,2
DA:62,2
DA:63,2
DA:66,2
DA:67,0
DA:75,2
DA:76,0
DA:78,0
DA:79,0
DA:82,0
DA:86,0
DA:87,0
DA:93,0
DA:99,2
DA:101,2
DA:102,2
DA:103,2
DA:104,2
DA:105,2
DA:106,2
DA:109,2
LF:51
LH:38
BRDA:20,0,0,2
BRDA:20,0,1,0
BRDA:38,1,0,0
BRDA:38,1,1,2
BRDA:78,2,0,0
BRDA:78,2,1,0
BRDA:86,3,0,0
BRDA:86,3,1,0
BRDA:93,4,0,0
BRDA:93,4,1,0
BRDA:95,5,0,0
BRDA:95,5,1,0
BRDA:99,6,0,2
BRDA:99,6,1,0
BRF:14
BRH:3
end_of_record
TN:
SF:src\config\sequelize.js
FN:22,(anonymous_0)
FNF:1
FNH:1
FNDA:2,(anonymous_0)
DA:1,2
DA:2,2
DA:5,2
DA:22,2
DA:23,2
DA:24,2
DA:25,2
DA:26,2
DA:28,0
DA:29,0
DA:33,2
LF:11
LH:9
BRDA:10,0,0,2
BRDA:10,0,1,0
BRDA:11,1,0,2
BRDA:11,1,1,0
BRF:4
BRH:2
end_of_record
TN:
SF:src\controllers\authController.js
FN:7,(anonymous_0)
FN:16,(anonymous_1)
FN:97,(anonymous_2)
FN:161,(anonymous_3)
FN:200,(anonymous_4)
FN:239,(anonymous_5)
FN:287,(anonymous_6)
FNF:7
FNH:4
FNDA:8,(anonymous_0)
FNDA:7,(anonymous_1)
FNDA:3,(anonymous_2)
FNDA:1,(anonymous_3)
FNDA:0,(anonymous_4)
FNDA:0,(anonymous_5)
FNDA:0,(anonymous_6)
DA:1,2
DA:2,2
DA:3,2
DA:4,2
DA:7,2
DA:8,8
DA:16,2
DA:17,7
DA:19,7
DA:20,7
DA:23,7
DA:24,0
DA:25,0
DA:32,7
DA:33,7
DA:34,1
DA:35,1
DA:42,6
DA:43,0
DA:44,0
DA:51,6
DA:61,6
DA:62,5
DA:67,6
DA:69,6
DA:71,6
DA:85,0
DA:86,0
DA:87,0
DA:97,2
DA:98,3
DA:99,3
DA:101,3
DA:102,0
DA:108,3
DA:112,3
DA:113,1
DA:119,2
DA:120,0
DA:126,2
DA:127,2
DA:128,0
DA:134,2
DA:136,2
DA:150,0
DA:151,0
DA:161,2
DA:162,1
DA:163,1
DA:167,1
DA:168,1
DA:169,1
DA:174,0
DA:189,1
DA:190,1
DA:200,2
DA:201,0
DA:202,0
DA:204,0
DA:206,0
DA:207,0
DA:208,0
DA:209,0
DA:212,0
DA:214,0
DA:228,0
DA:229,0
DA:239,2
DA:240,0
DA:241,0
DA:243,0
DA:244,0
DA:250,0
DA:251,0
DA:257,0
DA:259,0
DA:260,0
DA:261,0
DA:267,0
DA:268,0
DA:270,0
DA:276,0
DA:277,0
DA:287,2
DA:288,0
DA:297,2
LF:86
LH:46
BRDA:9,0,0,8
BRDA:9,0,1,0
BRDA:23,1,0,0
BRDA:23,1,1,7
BRDA:23,2,0,7
BRDA:23,2,1,7
BRDA:23,2,2,7
BRDA:23,2,3,7
BRDA:33,3,0,1
BRDA:33,3,1,6
BRDA:42,4,0,0
BRDA:42,4,1,6
BRDA:42,5,0,6
BRDA:42,5,1,1
BRDA:56,6,0,6
BRDA:56,6,1,0
BRDA:57,7,0,1
BRDA:57,7,1,5
BRDA:61,8,0,5
BRDA:61,8,1,1
BRDA:101,9,0,0
BRDA:101,9,1,3
BRDA:101,10,0,3
BRDA:101,10,1,3
BRDA:112,11,0,1
BRDA:112,11,1,2
BRDA:119,12,0,0
BRDA:119,12,1,2
BRDA:127,13,0,0
BRDA:127,13,1,2
BRDA:168,14,0,1
BRDA:168,14,1,0
BRDA:206,15,0,0
BRDA:206,15,1,0
BRDA:207,16,0,0
BRDA:207,16,1,0
BRDA:208,17,0,0
BRDA:208,17,1,0
BRDA:208,18,0,0
BRDA:208,18,1,0
BRDA:243,19,0,0
BRDA:243,19,1,0
BRDA:243,20,0,0
BRDA:243,20,1,0
BRDA:250,21,0,0
BRDA:250,21,1,0
BRDA:260,22,0,0
BRDA:260,22,1,0
BRF:48
BRH:24
end_of_record
TN:
SF:src\controllers\citaController.js
FN:12,(anonymous_0)
FN:123,(anonymous_1)
FN:190,(anonymous_2)
FN:239,(anonymous_3)
FN:379,(anonymous_4)
FN:440,(anonymous_5)
FN:490,(anonymous_6)
FN:491,(anonymous_7)
FN:518,(anonymous_8)
FN:580,(anonymous_9)
FNF:10
FNH:5
FNDA:2,(anonymous_0)
FNDA:2,(anonymous_1)
FNDA:0,(anonymous_2)
FNDA:0,(anonymous_3)
FNDA:2,(anonymous_4)
FNDA:1,(anonymous_5)
FNDA:0,(anonymous_6)
FNDA:14,(anonymous_7)
FNDA:0,(anonymous_8)
FNDA:0,(anonymous_9)
DA:1,2
DA:2,2
DA:3,2
DA:4,2
DA:5,2
DA:12,2
DA:13,2
DA:14,2
DA:17,2
DA:18,0
DA:25,2
DA:33,2
DA:34,0
DA:41,2
DA:50,2
DA:51,1
DA:58,1
DA:67,1
DA:68,0
DA:75,1
DA:86,1
DA:94,1
DA:103,1
DA:110,0
DA:111,0
DA:123,2
DA:124,2
DA:125,2
DA:128,2
DA:130,2
DA:131,1
DA:132,1
DA:133,1
DA:137,2
DA:138,0
DA:142,2
DA:143,0
DA:144,0
DA:145,0
DA:149,2
DA:150,2
DA:153,2
DA:165,2
DA:167,2
DA:177,0
DA:178,0
DA:190,2
DA:191,0
DA:192,0
DA:194,0
DA:201,0
DA:203,0
DA:204,0
DA:211,0
DA:214,0
DA:220,0
DA:226,0
DA:227,0
DA:239,2
DA:240,0
DA:241,0
DA:243,0
DA:245,0
DA:246,0
DA:253,0
DA:254,0
DA:255,0
DA:260,0
DA:261,0
DA:266,0
DA:267,0
DA:274,0
DA:275,0
DA:276,0
DA:284,0
DA:285,0
DA:292,0
DA:293,0
DA:298,0
DA:301,0
DA:302,0
DA:303,0
DA:304,0
DA:307,0
DA:310,0
DA:311,0
DA:313,0
DA:318,0
DA:319,0
DA:323,0
DA:327,0
DA:330,0
DA:341,0
DA:343,0
DA:346,0
DA:351,0
DA:359,0
DA:366,0
DA:367,0
DA:379,2
DA:380,2
DA:381,2
DA:383,2
DA:384,0
DA:391,2
DA:392,2
DA:393,2
DA:395,2
DA:396,0
DA:402,2
DA:403,1
DA:409,1
DA:410,1
DA:413,1
DA:421,1
DA:427,0
DA:428,0
DA:440,2
DA:441,1
DA:442,1
DA:443,1
DA:445,1
DA:446,0
DA:452,1
DA:460,1
DA:461,0
DA:467,1
DA:472,1
DA:473,1
DA:475,1
DA:476,1
DA:478,1
DA:490,1
DA:491,14
DA:493,1
DA:505,0
DA:506,0
DA:518,2
DA:519,0
DA:520,0
DA:522,0
DA:523,0
DA:526,0
DA:527,0
DA:529,0
DA:530,0
DA:532,0
DA:533,0
DA:541,0
DA:579,0
DA:580,0
DA:581,0
DA:584,0
DA:596,0
DA:597,0
DA:604,2
LF:156
LH:69
BRDA:17,0,0,0
BRDA:17,0,1,2
BRDA:17,1,0,2
BRDA:17,1,1,2
BRDA:17,1,2,2
BRDA:17,1,3,2
BRDA:33,2,0,0
BRDA:33,2,1,2
BRDA:50,3,0,1
BRDA:50,3,1,1
BRDA:67,4,0,0
BRDA:67,4,1,1
BRDA:81,5,0,1
BRDA:81,5,1,0
BRDA:100,6,0,1
BRDA:100,6,1,0
BRDA:125,7,0,2
BRDA:125,8,0,2
BRDA:130,9,0,1
BRDA:130,9,1,1
BRDA:132,10,0,1
BRDA:132,10,1,0
BRDA:137,11,0,0
BRDA:137,11,1,2
BRDA:137,12,0,2
BRDA:137,12,1,0
BRDA:142,13,0,0
BRDA:142,13,1,2
BRDA:142,14,0,2
BRDA:142,14,1,2
BRDA:144,15,0,0
BRDA:144,15,1,0
BRDA:145,16,0,0
BRDA:145,16,1,0
BRDA:201,17,0,0
BRDA:201,17,1,0
BRDA:203,18,0,0
BRDA:203,18,1,0
BRDA:211,19,0,0
BRDA:211,19,1,0
BRDA:211,20,0,0
BRDA:211,20,1,0
BRDA:211,20,2,0
BRDA:245,21,0,0
BRDA:245,21,1,0
BRDA:253,22,0,0
BRDA:253,22,1,0
BRDA:254,23,0,0
BRDA:254,23,1,0
BRDA:260,24,0,0
BRDA:260,24,1,0
BRDA:266,25,0,0
BRDA:266,25,1,0
BRDA:274,26,0,0
BRDA:274,26,1,0
BRDA:275,27,0,0
BRDA:275,27,1,0
BRDA:284,28,0,0
BRDA:284,28,1,0
BRDA:292,29,0,0
BRDA:292,29,1,0
BRDA:301,30,0,0
BRDA:301,30,1,0
BRDA:302,31,0,0
BRDA:302,31,1,0
BRDA:303,32,0,0
BRDA:303,32,1,0
BRDA:304,33,0,0
BRDA:304,33,1,0
BRDA:310,34,0,0
BRDA:310,34,1,0
BRDA:310,35,0,0
BRDA:310,35,1,0
BRDA:318,36,0,0
BRDA:318,36,1,0
BRDA:327,37,0,0
BRDA:327,37,1,0
BRDA:335,38,0,0
BRDA:335,38,1,0
BRDA:336,39,0,0
BRDA:336,39,1,0
BRDA:337,40,0,0
BRDA:337,40,1,0
BRDA:354,41,0,0
BRDA:354,41,1,0
BRDA:355,42,0,0
BRDA:355,42,1,0
BRDA:356,43,0,0
BRDA:356,43,1,0
BRDA:383,44,0,0
BRDA:383,44,1,2
BRDA:395,45,0,0
BRDA:395,45,1,2
BRDA:395,46,0,2
BRDA:395,46,1,2
BRDA:395,46,2,0
BRDA:402,47,0,1
BRDA:402,47,1,1
BRDA:445,48,0,0
BRDA:445,48,1,1
BRDA:460,49,0,0
BRDA:460,49,1,1
BRDA:522,50,0,0
BRDA:522,50,1,0
BRF:104
BRH:29
end_of_record
TN:
SF:src\controllers\historialController.js
FN:10,(anonymous_0)
FN:62,(anonymous_1)
FN:161,(anonymous_2)
FN:205,(anonymous_3)
FNF:4
FNH:0
FNDA:0,(anonymous_0)
FNDA:0,(anonymous_1)
FNDA:0,(anonymous_2)
FNDA:0,(anonymous_3)
DA:2,2
DA:3,2
DA:10,2
DA:11,0
DA:12,0
DA:14,0
DA:17,0
DA:21,0
DA:22,0
DA:29,0
DA:34,0
DA:35,0
DA:39,0
DA:42,0
DA:49,0
DA:50,0
DA:62,2
DA:63,0
DA:64,0
DA:70,0
DA:72,0
DA:75,0
DA:76,0
DA:83,0
DA:84,0
DA:85,0
DA:92,0
DA:96,0
DA:97,0
DA:104,0
DA:106,0
DA:107,0
DA:117,0
DA:118,0
DA:132,0
DA:134,0
DA:141,0
DA:148,0
DA:149,0
DA:161,2
DA:162,0
DA:163,0
DA:164,0
DA:166,0
DA:170,0
DA:171,0
DA:177,0
DA:185,0
DA:192,0
DA:193,0
DA:205,2
DA:206,0
DA:207,0
DA:209,0
DA:214,0
DA:215,0
DA:222,0
DA:234,0
DA:235,0
DA:242,2
LF:60
LH:7
BRDA:21,0,0,0
BRDA:21,0,1,0
BRDA:34,1,0,0
BRDA:34,1,1,0
BRDA:75,2,0,0
BRDA:75,2,1,0
BRDA:75,3,0,0
BRDA:75,3,1,0
BRDA:75,3,2,0
BRDA:84,4,0,0
BRDA:84,4,1,0
BRDA:96,5,0,0
BRDA:96,5,1,0
BRDA:104,6,0,0
BRDA:104,6,1,0
BRDA:104,6,2,0
BRDA:106,7,0,0
BRDA:106,7,1,0
BRDA:108,8,0,0
BRDA:108,8,1,0
BRDA:109,9,0,0
BRDA:109,9,1,0
BRDA:110,10,0,0
BRDA:110,10,1,0
BRDA:111,11,0,0
BRDA:111,11,1,0
BRDA:112,12,0,0
BRDA:112,12,1,0
BRDA:117,13,0,0
BRDA:117,13,1,0
BRDA:123,14,0,0
BRDA:123,14,1,0
BRDA:124,15,0,0
BRDA:124,15,1,0
BRDA:125,16,0,0
BRDA:125,16,1,0
BRDA:126,17,0,0
BRDA:126,17,1,0
BRDA:127,18,0,0
BRDA:127,18,1,0
BRDA:128,19,0,0
BRDA:128,19,1,0
BRDA:129,20,0,0
BRDA:129,20,1,0
BRDA:138,21,0,0
BRDA:138,21,1,0
BRDA:170,22,0,0
BRDA:170,22,1,0
BRDA:178,23,0,0
BRDA:178,23,1,0
BRDA:179,24,0,0
BRDA:179,24,1,0
BRDA:180,25,0,0
BRDA:180,25,1,0
BRDA:181,26,0,0
BRDA:181,26,1,0
BRDA:182,27,0,0
BRDA:182,27,1,0
BRDA:214,28,0,0
BRDA:214,28,1,0
BRF:60
BRH:0
end_of_record
TN:
SF:src\controllers\userController.js
FN:3,(anonymous_0)
FNF:1
FNH:0
FNDA:0,(anonymous_0)
DA:1,2
DA:3,2
DA:4,0
DA:5,0
DA:6,0
DA:7,0
DA:8,0
DA:11,0
DA:16,0
DA:21,0
DA:22,0
DA:29,2
LF:12
LH:3
BRDA:7,0,0,0
BRDA:7,0,1,0
BRF:2
BRH:0
end_of_record
TN:
SF:src\middleware\auth.js
FN:4,(anonymous_0)
FNF:1
FNH:1
FNDA:10,(anonymous_0)
DA:1,2
DA:2,2
DA:4,2
DA:8,10
DA:9,8
DA:10,8
DA:13,10
DA:14,2
DA:20,8
DA:22,8
DA:23,8
DA:26,8
DA:30,8
DA:31,0
DA:32,0
DA:38,8
DA:39,0
DA:46,8
DA:47,8
DA:50,0
DA:52,0
DA:53,0
DA:58,0
DA:59,0
DA:65,0
DA:72,2
LF:26
LH:17
BRDA:8,0,0,8
BRDA:8,0,1,2
BRDA:8,1,0,10
BRDA:8,1,1,8
BRDA:13,2,0,2
BRDA:13,2,1,8
BRDA:30,3,0,0
BRDA:30,3,1,8
BRDA:38,4,0,0
BRDA:38,4,1,8
BRDA:52,5,0,0
BRDA:52,5,1,0
BRDA:58,6,0,0
BRDA:58,6,1,0
BRF:14
BRH:8
end_of_record
TN:
SF:src\middleware\logger.js
FN:9,(anonymous_0)
FNF:1
FNH:1
FNDA:2,(anonymous_0)
DA:1,2
DA:2,2
DA:4,2
DA:5,2
DA:6,0
DA:9,2
DA:10,2
DA:17,2
DA:18,2
DA:19,2
DA:22,2
LF:11
LH:10
BRDA:5,0,0,0
BRDA:5,0,1,2
BRDA:13,1,0,2
BRDA:13,1,1,0
BRDA:14,2,0,2
BRDA:14,2,1,0
BRF:6
BRH:3
end_of_record
TN:
SF:src\middleware\validation.js
FN:3,(anonymous_0)
FN:7,(anonymous_1)
FN:24,(anonymous_2)
FN:35,(anonymous_3)
FN:43,(anonymous_4)
FN:54,(anonymous_5)
FN:62,(anonymous_6)
FN:74,(anonymous_7)
FN:84,(anonymous_8)
FN:86,(anonymous_9)
FN:95,(anonymous_10)
FN:109,(anonymous_11)
FNF:12
FNH:4
FNDA:10,(anonymous_0)
FNDA:4,(anonymous_1)
FNDA:0,(anonymous_2)
FNDA:0,(anonymous_3)
FNDA:0,(anonymous_4)
FNDA:0,(anonymous_5)
FNDA:0,(anonymous_6)
FNDA:0,(anonymous_7)
FNDA:11,(anonymous_8)
FNDA:43,(anonymous_9)
FNDA:0,(anonymous_10)
FNDA:0,(anonymous_11)
DA:1,2
DA:3,2
DA:4,10
DA:6,10
DA:7,4
DA:13,1
DA:20,9
DA:23,2
DA:25,0
DA:26,0
DA:27,0
DA:29,0
DA:30,0
DA:32,0
DA:36,0
DA:37,0
DA:38,0
DA:40,0
DA:44,0
DA:45,0
DA:46,0
DA:47,0
DA:49,0
DA:53,2
DA:55,0
DA:56,0
DA:57,0
DA:59,0
DA:63,0
DA:64,0
DA:65,0
DA:66,0
DA:68,0
DA:69,0
DA:71,0
DA:75,0
DA:76,0
DA:77,0
DA:78,0
DA:80,0
DA:84,2
DA:85,11
DA:86,11
DA:87,43
DA:88,43
DA:92,11
DA:95,2
DA:96,0
DA:97,0
DA:99,0
DA:100,0
DA:106,0
DA:109,2
DA:110,0
DA:112,0
DA:113,0
DA:115,0
DA:116,0
DA:122,0
DA:123,0
DA:129,0
DA:130,0
DA:132,0
DA:135,2
LF:64
LH:18
BRDA:6,0,0,1
BRDA:6,0,1,9
BRDA:29,1,0,0
BRDA:29,1,1,0
BRDA:37,2,0,0
BRDA:37,2,1,0
BRDA:37,3,0,0
BRDA:37,3,1,0
BRDA:46,4,0,0
BRDA:46,4,1,0
BRDA:46,5,0,0
BRDA:46,5,1,0
BRDA:56,6,0,0
BRDA:56,6,1,0
BRDA:68,7,0,0
BRDA:68,7,1,0
BRDA:68,8,0,0
BRDA:68,8,1,0
BRDA:68,8,2,0
BRDA:68,8,3,0
BRDA:77,9,0,0
BRDA:77,9,1,0
BRDA:85,10,0,11
BRDA:85,10,1,0
BRDA:87,11,0,43
BRDA:87,11,1,0
BRDA:99,12,0,0
BRDA:99,12,1,0
BRDA:99,13,0,0
BRDA:99,13,1,0
BRDA:110,14,0,0
BRDA:110,15,0,0
BRDA:115,16,0,0
BRDA:115,16,1,0
BRDA:115,17,0,0
BRDA:115,17,1,0
BRDA:122,18,0,0
BRDA:122,18,1,0
BRDA:122,19,0,0
BRDA:122,19,1,0
BRDA:122,19,2,0
BRF:41
BRH:4
end_of_record
TN:
SF:src\models\Cita.js
FN:72,(anonymous_0)
FNF:1
FNH:1
FNDA:2,(anonymous_0)
DA:1,2
DA:2,2
DA:4,2
DA:72,2
DA:73,2
DA:74,2
DA:75,2
DA:77,2
DA:82,2
LF:9
LH:9
BRDA:77,0,0,2
BRDA:77,0,1,1
BRDA:77,0,2,1
BRF:3
BRH:3
end_of_record
TN:
SF:src\models\HistorialMedico.js
FNF:0
FNH:0
DA:1,2
DA:2,2
DA:4,2
DA:84,2
LF:4
LH:4
BRF:0
BRH:0
end_of_record
TN:
SF:src\models\User.js
FN:53,(anonymous_0)
FN:59,(anonymous_1)
FN:69,(anonymous_2)
FNF:3
FNH:2
FNDA:6,(anonymous_0)
FNDA:0,(anonymous_1)
FNDA:2,(anonymous_2)
DA:1,2
DA:2,2
DA:3,2
DA:5,2
DA:54,6
DA:55,6
DA:56,6
DA:60,0
DA:61,0
DA:62,0
DA:69,2
DA:70,2
DA:73,2
LF:13
LH:10
BRDA:54,0,0,6
BRDA:54,0,1,0
BRDA:60,1,0,0
BRDA:60,1,1,0
BRF:4
BRH:1
end_of_record
TN:
SF:src\models\index.js
FN:16,(anonymous_0)
FNF:1
FNH:1
FNDA:2,(anonymous_0)
DA:1,2
DA:2,2
DA:3,2
DA:4,2
DA:7,2
DA:8,2
DA:9,2
DA:10,2
DA:12,2
DA:13,2
DA:16,2
DA:17,2
DA:18,2
DA:19,0
DA:21,0
DA:25,2
LF:16
LH:14
BRF:0
BRH:0
end_of_record
TN:
SF:src\routes\authRoutes.js
FNF:0
FNH:0
DA:1,2
DA:2,2
DA:3,2
DA:11,2
DA:12,2
DA:13,2
DA:15,2
DA:23,2
DA:24,2
DA:25,2
DA:27,2
LF:11
LH:11
BRF:0
BRH:0
end_of_record
TN:
SF:src\routes\citaRoutes.js
FNF:0
FNH:0
DA:1,2
DA:2,2
DA:3,2
DA:11,2
DA:12,2
DA:13,2
DA:16,2
DA:25,2
DA:26,2
DA:27,2
DA:28,2
DA:29,2
DA:30,2
DA:32,2
LF:14
LH:14
BRF:0
BRH:0
end_of_record
TN:
SF:src\routes\historialRoutes.js
FNF:0
FNH:0
DA:2,2
DA:3,2
DA:9,2
DA:10,2
DA:13,2
DA:16,2
DA:19,2
DA:22,2
DA:24,2
LF:9
LH:9
BRF:0
BRH:0
end_of_record
TN:
SF:src\routes\userRoutes.js
FNF:0
FNH:0
DA:1,2
DA:2,2
DA:3,2
DA:4,2
DA:7,2
DA:9,2
LF:6
LH:6
BRF:0
BRH:0
end_of_record
